TN:
SF:src\__tests__\helpers\testHelpers.ts
FN:17,createTestUser
FN:38,createTestVendor
FN:70,createTestCategory
FN:84,createTestSubcategory
FN:102,createTestProduct
FN:131,createTestAddress
FN:153,createTestOrder
FN:180,generateTestToken
FN:193,generateExpiredTestToken
FN:200,createCompleteTestSetup
FNF:10
FNH:0
FNDA:0,createTestUser
FNDA:0,createTestVendor
FNDA:0,createTestCategory
FNDA:0,createTestSubcategory
FNDA:0,createTestProduct
FNDA:0,createTestAddress
FNDA:0,createTestOrder
FNDA:0,generateTestToken
FNDA:0,generateExpiredTestToken
FNDA:0,createCompleteTestSetup
DA:1,0
DA:2,0
DA:3,0
DA:4,0
DA:5,0
DA:6,0
DA:7,0
DA:8,0
DA:9,0
DA:10,0
DA:11,0
DA:12,0
DA:17,0
DA:18,0
DA:20,0
DA:22,0
DA:32,0
DA:38,0
DA:39,0
DA:40,0
DA:43,0
DA:44,0
DA:45,0
DA:48,0
DA:51,0
DA:53,0
DA:64,0
DA:70,0
DA:71,0
DA:73,0
DA:78,0
DA:84,0
DA:88,0
DA:90,0
DA:96,0
DA:102,0
DA:107,0
DA:109,0
DA:125,0
DA:131,0
DA:135,0
DA:137,0
DA:147,0
DA:153,0
DA:158,0
DA:160,0
DA:174,0
DA:180,0
DA:181,0
DA:187,0
DA:193,0
DA:194,0
DA:200,0
DA:201,0
DA:202,0
DA:203,0
DA:204,0
DA:205,0
DA:206,0
DA:208,0
LF:60
LH:0
BRDA:17,0,0,0
BRDA:38,1,0,0
BRDA:44,2,0,0
BRDA:44,2,1,0
BRDA:70,3,0,0
BRDA:86,4,0,0
BRDA:105,5,0,0
BRDA:133,6,0,0
BRDA:156,7,0,0
BRDA:180,8,0,0
BRDA:184,9,0,0
BRDA:184,9,1,0
BRDA:187,10,0,0
BRDA:187,10,1,0
BRF:14
BRH:0
end_of_record
TN:
SF:src\controllers\admin.dashboard.controller.ts
FN:21,(anonymous_0)
FN:37,(anonymous_1)
FN:71,(anonymous_2)
FN:82,(anonymous_3)
FN:103,(anonymous_4)
FN:125,(anonymous_5)
FN:145,(anonymous_6)
FN:165,(anonymous_7)
FN:187,(anonymous_8)
FN:207,(anonymous_9)
FNF:10
FNH:0
FNDA:0,(anonymous_0)
FNDA:0,(anonymous_1)
FNDA:0,(anonymous_2)
FNDA:0,(anonymous_3)
FNDA:0,(anonymous_4)
FNDA:0,(anonymous_5)
FNDA:0,(anonymous_6)
FNDA:0,(anonymous_7)
FNDA:0,(anonymous_8)
FNDA:0,(anonymous_9)
DA:2,0
DA:3,0
DA:14,0
DA:23,0
DA:38,0
DA:40,0
DA:42,0
DA:45,0
DA:48,0
DA:49,0
DA:52,0
DA:73,0
DA:76,0
DA:79,0
DA:83,0
DA:84,0
DA:85,0
DA:86,0
DA:87,0
DA:89,0
DA:90,0
DA:93,0
DA:104,0
DA:105,0
DA:107,0
DA:108,0
DA:109,0
DA:111,0
DA:112,0
DA:115,0
DA:126,0
DA:127,0
DA:128,0
DA:130,0
DA:131,0
DA:134,0
DA:146,0
DA:147,0
DA:148,0
DA:149,0
DA:152,0
DA:153,0
DA:154,0
DA:156,0
DA:166,0
DA:167,0
DA:168,0
DA:169,0
DA:172,0
DA:173,0
DA:174,0
DA:176,0
DA:188,0
DA:189,0
DA:190,0
DA:195,0
DA:196,0
DA:197,0
DA:199,0
DA:208,0
DA:209,0
DA:210,0
DA:211,0
DA:214,0
DA:215,0
DA:216,0
DA:218,0
LF:67
LH:0
BRDA:48,0,0,0
BRDA:48,0,1,0
BRDA:73,1,0,0
BRDA:73,1,1,0
BRDA:84,2,0,0
BRDA:84,2,1,0
BRDA:84,3,0,0
BRDA:84,3,1,0
BRDA:89,4,0,0
BRDA:89,4,1,0
BRDA:107,5,0,0
BRDA:107,5,1,0
BRDA:107,6,0,0
BRDA:107,6,1,0
BRDA:111,7,0,0
BRDA:111,7,1,0
BRDA:130,8,0,0
BRDA:130,8,1,0
BRDA:153,9,0,0
BRDA:153,9,1,0
BRDA:173,10,0,0
BRDA:173,10,1,0
BRDA:196,11,0,0
BRDA:196,11,1,0
BRDA:215,12,0,0
BRDA:215,12,1,0
BRF:26
BRH:0
end_of_record
TN:
SF:src\controllers\banner.controller.ts
FN:31,(anonymous_1)
FN:52,(anonymous_2)
FN:91,(anonymous_3)
FN:206,(anonymous_4)
FN:334,(anonymous_5)
FN:364,(anonymous_6)
FN:394,(anonymous_7)
FN:459,(anonymous_8)
FNF:8
FNH:0
FNDA:0,(anonymous_1)
FNDA:0,(anonymous_2)
FNDA:0,(anonymous_3)
FNDA:0,(anonymous_4)
FNDA:0,(anonymous_5)
FNDA:0,(anonymous_6)
FNDA:0,(anonymous_7)
FNDA:0,(anonymous_8)
DA:3,0
DA:5,0
DA:6,0
DA:7,0
DA:8,0
DA:9,0
DA:10,0
DA:12,0
DA:20,0
DA:32,0
DA:33,0
DA:34,0
DA:35,0
DA:36,0
DA:53,0
DA:54,0
DA:56,0
DA:70,0
DA:72,0
DA:73,0
DA:76,0
DA:77,0
DA:79,0
DA:80,0
DA:83,0
DA:85,0
DA:86,0
DA:87,0
DA:90,0
DA:92,0
DA:93,0
DA:94,0
DA:95,0
DA:96,0
DA:98,0
DA:102,0
DA:103,0
DA:107,0
DA:109,0
DA:110,0
DA:113,0
DA:114,0
DA:115,0
DA:117,0
DA:118,0
DA:120,0
DA:121,0
DA:124,0
DA:128,0
DA:130,0
DA:131,0
DA:134,0
DA:135,0
DA:139,0
DA:141,0
DA:142,0
DA:145,0
DA:146,0
DA:147,0
DA:149,0
DA:150,0
DA:153,0
DA:157,0
DA:159,0
DA:160,0
DA:163,0
DA:164,0
DA:165,0
DA:167,0
DA:171,0
DA:173,0
DA:174,0
DA:177,0
DA:178,0
DA:181,0
DA:182,0
DA:183,0
DA:185,0
DA:210,0
DA:211,0
DA:213,0
DA:214,0
DA:217,0
DA:218,0
DA:220,0
DA:221,0
DA:222,0
DA:225,0
DA:226,0
DA:229,0
DA:230,0
DA:233,0
DA:234,0
DA:236,0
DA:238,0
DA:241,0
DA:242,0
DA:244,0
DA:245,0
DA:247,0
DA:248,0
DA:249,0
DA:255,0
DA:256,0
DA:257,0
DA:259,0
DA:260,0
DA:261,0
DA:263,0
DA:266,0
DA:267,0
DA:268,0
DA:270,0
DA:273,0
DA:274,0
DA:275,0
DA:277,0
DA:280,0
DA:281,0
DA:282,0
DA:284,0
DA:287,0
DA:288,0
DA:289,0
DA:291,0
DA:294,0
DA:295,0
DA:298,0
DA:301,0
DA:302,0
DA:308,0
DA:310,0
DA:313,0
DA:314,0
DA:315,0
DA:317,0
DA:318,0
DA:335,0
DA:337,0
DA:340,0
DA:343,0
DA:346,0
DA:347,0
DA:349,0
DA:365,0
DA:367,0
DA:369,0
DA:372,0
DA:375,0
DA:376,0
DA:378,0
DA:395,0
DA:397,0
DA:400,0
DA:401,0
DA:402,0
DA:406,0
DA:408,0
DA:411,0
DA:417,0
DA:418,0
DA:422,0
DA:429,0
DA:435,0
DA:436,0
DA:460,0
DA:462,0
DA:465,0
DA:466,0
DA:470,0
DA:471,0
DA:472,0
DA:476,0
DA:482,0
DA:483,0
DA:485,0
LF:176
LH:0
BRDA:79,0,0,0
BRDA:79,0,1,0
BRDA:83,1,0,0
BRDA:83,1,1,0
BRDA:83,1,2,0
BRDA:83,1,3,0
BRDA:83,1,4,0
BRDA:83,1,5,0
BRDA:86,2,0,0
BRDA:86,2,1,0
BRDA:86,3,0,0
BRDA:86,3,1,0
BRDA:95,4,0,0
BRDA:95,4,1,0
BRDA:114,5,0,0
BRDA:114,5,1,0
BRDA:120,6,0,0
BRDA:120,6,1,0
BRDA:149,7,0,0
BRDA:149,7,1,0
BRDA:164,8,0,0
BRDA:164,8,1,0
BRDA:182,9,0,0
BRDA:182,9,1,0
BRDA:213,10,0,0
BRDA:213,10,1,0
BRDA:229,11,0,0
BRDA:229,11,1,0
BRDA:247,12,0,0
BRDA:247,12,1,0
BRDA:248,13,0,0
BRDA:248,13,1,0
BRDA:255,14,0,0
BRDA:255,14,1,0
BRDA:257,15,0,0
BRDA:257,15,1,0
BRDA:257,15,2,0
BRDA:257,15,3,0
BRDA:257,15,4,0
BRDA:257,15,5,0
BRDA:260,16,0,0
BRDA:260,16,1,0
BRDA:267,17,0,0
BRDA:267,17,1,0
BRDA:274,18,0,0
BRDA:274,18,1,0
BRDA:281,19,0,0
BRDA:281,19,1,0
BRDA:288,20,0,0
BRDA:288,20,1,0
BRDA:313,21,0,0
BRDA:313,21,1,0
BRDA:346,22,0,0
BRDA:346,22,1,0
BRDA:375,23,0,0
BRDA:375,23,1,0
BRDA:401,24,0,0
BRDA:401,24,1,0
BRDA:417,25,0,0
BRDA:417,25,1,0
BRDA:430,26,0,0
BRDA:430,26,1,0
BRDA:431,27,0,0
BRDA:431,27,1,0
BRDA:438,28,0,0
BRDA:438,28,1,0
BRDA:439,29,0,0
BRDA:439,29,1,0
BRDA:465,30,0,0
BRDA:465,30,1,0
BRDA:471,31,0,0
BRDA:471,31,1,0
BRDA:482,32,0,0
BRDA:482,32,1,0
BRF:74
BRH:0
end_of_record
TN:
SF:src\controllers\cart.controller.ts
FN:21,(anonymous_0)
FN:37,(anonymous_1)
FN:90,(anonymous_2)
FN:135,(anonymous_3)
FNF:4
FNH:0
FNDA:0,(anonymous_0)
FNDA:0,(anonymous_1)
FNDA:0,(anonymous_2)
FNDA:0,(anonymous_3)
DA:3,0
DA:4,0
DA:13,0
DA:22,0
DA:38,0
DA:40,0
DA:41,0
DA:42,0
DA:49,0
DA:50,0
DA:58,0
DA:62,0
DA:65,0
DA:68,0
DA:70,0
DA:71,0
DA:73,0
DA:91,0
DA:93,0
DA:94,0
DA:95,0
DA:102,0
DA:103,0
DA:104,0
DA:108,0
DA:111,0
DA:114,0
DA:116,0
DA:117,0
DA:119,0
DA:136,0
DA:138,0
DA:139,0
DA:140,0
DA:144,0
DA:147,0
DA:150,0
DA:152,0
DA:153,0
DA:155,0
LF:40
LH:0
BRDA:41,0,0,0
BRDA:41,0,1,0
BRDA:50,1,0,0
BRDA:50,1,1,0
BRDA:51,2,0,0
BRDA:51,2,1,0
BRDA:51,2,2,0
BRDA:51,2,3,0
BRDA:51,2,4,0
BRDA:51,2,5,0
BRDA:70,3,0,0
BRDA:70,3,1,0
BRDA:94,4,0,0
BRDA:94,4,1,0
BRDA:103,5,0,0
BRDA:103,5,1,0
BRDA:103,6,0,0
BRDA:103,6,1,0
BRDA:116,7,0,0
BRDA:116,7,1,0
BRDA:139,8,0,0
BRDA:139,8,1,0
BRDA:152,9,0,0
BRDA:152,9,1,0
BRF:24
BRH:0
end_of_record
TN:
SF:src\controllers\category.controller.ts
FN:21,(anonymous_1)
FN:34,(anonymous_2)
FN:88,(anonymous_3)
FN:136,(anonymous_4)
FN:163,(anonymous_5)
FN:202,(anonymous_6)
FN:265,(anonymous_7)
FNF:7
FNH:0
FNDA:0,(anonymous_1)
FNDA:0,(anonymous_2)
FNDA:0,(anonymous_3)
FNDA:0,(anonymous_4)
FNDA:0,(anonymous_5)
FNDA:0,(anonymous_6)
FNDA:0,(anonymous_7)
DA:3,1
DA:4,1
DA:6,1
DA:7,1
DA:14,1
DA:22,0
DA:35,0
DA:37,0
DA:38,0
DA:39,0
DA:40,0
DA:44,0
DA:45,0
DA:46,0
DA:47,0
DA:51,0
DA:53,0
DA:56,0
DA:58,0
DA:59,0
DA:63,0
DA:66,0
DA:69,0
DA:70,0
DA:73,0
DA:74,0
DA:89,0
DA:91,0
DA:92,0
DA:93,0
DA:97,0
DA:98,0
DA:99,0
DA:102,0
DA:105,0
DA:107,0
DA:110,0
DA:116,0
DA:117,0
DA:118,0
DA:121,0
DA:122,0
DA:137,0
DA:139,0
DA:141,0
DA:144,0
DA:145,0
DA:148,0
DA:149,0
DA:164,0
DA:166,0
DA:167,0
DA:168,0
DA:169,0
DA:173,0
DA:174,0
DA:175,0
DA:176,0
DA:180,0
DA:183,0
DA:184,0
DA:187,0
DA:188,0
DA:203,0
DA:205,0
DA:206,0
DA:207,0
DA:208,0
DA:212,0
DA:213,0
DA:214,0
DA:215,0
DA:219,0
DA:220,0
DA:221,0
DA:222,0
DA:226,0
DA:229,0
DA:231,0
DA:232,0
DA:236,0
DA:237,0
DA:238,0
DA:239,0
DA:243,0
DA:246,0
DA:247,0
DA:250,0
DA:251,0
DA:266,0
DA:268,0
DA:269,0
DA:270,0
DA:271,0
DA:275,0
DA:276,0
DA:277,0
DA:278,0
DA:282,0
DA:284,0
DA:287,0
DA:288,0
DA:291,0
DA:292,0
LF:104
LH:5
BRDA:38,0,0,0
BRDA:38,0,1,0
BRDA:45,1,0,0
BRDA:45,1,1,0
BRDA:58,2,0,0
BRDA:58,2,1,0
BRDA:69,3,0,0
BRDA:69,3,1,0
BRDA:92,4,0,0
BRDA:92,4,1,0
BRDA:98,5,0,0
BRDA:98,5,1,0
BRDA:116,6,0,0
BRDA:116,6,1,0
BRDA:144,7,0,0
BRDA:144,7,1,0
BRDA:167,8,0,0
BRDA:167,8,1,0
BRDA:174,9,0,0
BRDA:174,9,1,0
BRDA:183,10,0,0
BRDA:183,10,1,0
BRDA:206,11,0,0
BRDA:206,11,1,0
BRDA:213,12,0,0
BRDA:213,12,1,0
BRDA:220,13,0,0
BRDA:220,13,1,0
BRDA:231,14,0,0
BRDA:231,14,1,0
BRDA:237,15,0,0
BRDA:237,15,1,0
BRDA:246,16,0,0
BRDA:246,16,1,0
BRDA:269,17,0,0
BRDA:269,17,1,0
BRDA:276,18,0,0
BRDA:276,18,1,0
BRDA:287,19,0,0
BRDA:287,19,1,0
BRF:40
BRH:0
end_of_record
TN:
SF:src\controllers\contact.controller.ts
FN:20,(anonymous_0)
FN:34,(anonymous_1)
FN:60,(anonymous_2)
FNF:3
FNH:0
FNDA:0,(anonymous_0)
FNDA:0,(anonymous_1)
FNDA:0,(anonymous_2)
DA:3,0
DA:4,0
DA:12,0
DA:21,0
DA:35,0
DA:37,0
DA:39,0
DA:42,0
DA:44,0
DA:45,0
DA:47,0
DA:61,0
DA:63,0
DA:65,0
DA:68,0
DA:70,0
DA:71,0
DA:73,0
LF:18
LH:0
BRDA:44,0,0,0
BRDA:44,0,1,0
BRDA:70,1,0,0
BRDA:70,1,1,0
BRF:4
BRH:0
end_of_record
TN:
SF:src\controllers\deal.controller.ts
FN:19,(anonymous_0)
FN:32,(anonymous_1)
FN:59,(anonymous_2)
FN:88,(anonymous_3)
FN:117,(anonymous_4)
FN:146,(anonymous_5)
FNF:6
FNH:0
FNDA:0,(anonymous_0)
FNDA:0,(anonymous_1)
FNDA:0,(anonymous_2)
FNDA:0,(anonymous_3)
FNDA:0,(anonymous_4)
FNDA:0,(anonymous_5)
DA:3,0
DA:6,0
DA:12,0
DA:20,0
DA:33,0
DA:35,0
DA:37,0
DA:40,0
DA:41,0
DA:44,0
DA:45,0
DA:60,0
DA:62,0
DA:64,0
DA:66,0
DA:69,0
DA:70,0
DA:73,0
DA:74,0
DA:89,0
DA:91,0
DA:93,0
DA:95,0
DA:98,0
DA:99,0
DA:102,0
DA:103,0
DA:118,0
DA:120,0
DA:122,0
DA:124,0
DA:127,0
DA:128,0
DA:131,0
DA:132,0
DA:147,0
DA:149,0
DA:151,0
DA:153,0
DA:156,0
DA:157,0
DA:160,0
DA:161,0
LF:43
LH:0
BRDA:40,0,0,0
BRDA:40,0,1,0
BRDA:69,1,0,0
BRDA:69,1,1,0
BRDA:98,2,0,0
BRDA:98,2,1,0
BRDA:127,3,0,0
BRDA:127,3,1,0
BRDA:156,4,0,0
BRDA:156,4,1,0
BRF:10
BRH:0
end_of_record
TN:
SF:src\controllers\district.controller.ts
FN:22,(anonymous_0)
FN:35,(anonymous_1)
FN:76,(anonymous_2)
FN:124,(anonymous_3)
FN:151,(anonymous_4)
FN:185,(anonymous_5)
FNF:6
FNH:0
FNDA:0,(anonymous_0)
FNDA:0,(anonymous_1)
FNDA:0,(anonymous_2)
FNDA:0,(anonymous_3)
FNDA:0,(anonymous_4)
FNDA:0,(anonymous_5)
DA:3,0
DA:4,0
DA:5,0
DA:15,0
DA:23,0
DA:36,0
DA:38,0
DA:39,0
DA:40,0
DA:41,0
DA:45,0
DA:46,0
DA:47,0
DA:48,0
DA:52,0
DA:54,0
DA:57,0
DA:58,0
DA:61,0
DA:62,0
DA:77,0
DA:79,0
DA:80,0
DA:81,0
DA:82,0
DA:86,0
DA:87,0
DA:88,0
DA:89,0
DA:93,0
DA:94,0
DA:95,0
DA:96,0
DA:100,0
DA:102,0
DA:105,0
DA:106,0
DA:109,0
DA:110,0
DA:125,0
DA:127,0
DA:129,0
DA:132,0
DA:133,0
DA:136,0
DA:137,0
DA:152,0
DA:154,0
DA:155,0
DA:156,0
DA:157,0
DA:161,0
DA:163,0
DA:166,0
DA:167,0
DA:170,0
DA:171,0
DA:186,0
DA:188,0
DA:189,0
DA:190,0
DA:191,0
DA:193,0
DA:196,0
DA:197,0
DA:198,0
DA:199,0
DA:203,0
DA:205,0
DA:208,0
DA:209,0
DA:212,0
DA:213,0
LF:73
LH:0
BRDA:39,0,0,0
BRDA:39,0,1,0
BRDA:46,1,0,0
BRDA:46,1,1,0
BRDA:57,2,0,0
BRDA:57,2,1,0
BRDA:80,3,0,0
BRDA:80,3,1,0
BRDA:87,4,0,0
BRDA:87,4,1,0
BRDA:94,5,0,0
BRDA:94,5,1,0
BRDA:105,6,0,0
BRDA:105,6,1,0
BRDA:132,7,0,0
BRDA:132,7,1,0
BRDA:155,8,0,0
BRDA:155,8,1,0
BRDA:166,9,0,0
BRDA:166,9,1,0
BRDA:189,10,0,0
BRDA:189,10,1,0
BRDA:197,11,0,0
BRDA:197,11,1,0
BRDA:208,12,0,0
BRDA:208,12,1,0
BRF:26
BRH:0
end_of_record
TN:
SF:src\controllers\home.category.controller.ts
FN:7,(anonymous_0)
FN:12,(anonymous_1)
FN:51,(anonymous_2)
FNF:3
FNH:0
FNDA:0,(anonymous_0)
FNDA:0,(anonymous_1)
FNDA:0,(anonymous_2)
DA:2,0
DA:3,0
DA:4,0
DA:7,0
DA:8,0
DA:9,0
DA:13,0
DA:15,0
DA:17,0
DA:18,0
DA:21,0
DA:22,0
DA:23,0
DA:24,0
DA:28,0
DA:30,0
DA:36,0
DA:37,0
DA:43,0
DA:52,0
DA:53,0
DA:54,0
DA:59,0
DA:60,0
DA:66,0
LF:25
LH:0
BRDA:17,0,0,0
BRDA:17,0,1,0
BRDA:23,1,0,0
BRDA:23,1,1,0
BRDA:36,2,0,0
BRDA:36,2,1,0
BRDA:59,3,0,0
BRDA:59,3,1,0
BRF:8
BRH:0
end_of_record
TN:
SF:src\controllers\homepage.controller.ts
FN:32,(anonymous_1)
FN:52,(anonymous_2)
FN:159,(anonymous_3)
FN:218,(anonymous_4)
FN:229,(anonymous_5)
FN:231,(anonymous_6)
FN:277,(anonymous_7)
FN:289,(anonymous_8)
FN:323,(anonymous_9)
FN:361,(anonymous_10)
FNF:10
FNH:0
FNDA:0,(anonymous_1)
FNDA:0,(anonymous_2)
FNDA:0,(anonymous_3)
FNDA:0,(anonymous_4)
FNDA:0,(anonymous_5)
FNDA:0,(anonymous_6)
FNDA:0,(anonymous_7)
FNDA:0,(anonymous_8)
FNDA:0,(anonymous_9)
FNDA:0,(anonymous_10)
DA:2,0
DA:3,0
DA:4,0
DA:5,0
DA:7,0
DA:9,0
DA:10,0
DA:11,0
DA:12,0
DA:13,0
DA:19,0
DA:33,0
DA:34,0
DA:35,0
DA:36,0
DA:37,0
DA:38,0
DA:39,0
DA:52,0
DA:53,0
DA:55,0
DA:57,0
DA:59,0
DA:61,0
DA:62,0
DA:65,0
DA:67,0
DA:68,0
DA:70,0
DA:71,0
DA:75,0
DA:76,0
DA:78,0
DA:83,0
DA:86,0
DA:88,0
DA:89,0
DA:92,0
DA:94,0
DA:99,0
DA:102,0
DA:104,0
DA:105,0
DA:108,0
DA:110,0
DA:115,0
DA:118,0
DA:120,0
DA:121,0
DA:124,0
DA:126,0
DA:131,0
DA:134,0
DA:135,0
DA:139,0
DA:140,0
DA:143,0
DA:144,0
DA:159,0
DA:160,0
DA:162,0
DA:163,0
DA:164,0
DA:165,0
DA:169,0
DA:171,0
DA:182,0
DA:185,0
DA:187,0
DA:190,0
DA:197,0
DA:198,0
DA:201,0
DA:202,0
DA:218,0
DA:219,0
DA:222,0
DA:223,0
DA:226,0
DA:228,0
DA:230,0
DA:232,0
DA:233,0
DA:240,0
DA:247,0
DA:256,0
DA:257,0
DA:260,0
DA:261,0
DA:277,0
DA:278,0
DA:280,0
DA:281,0
DA:282,0
DA:286,0
DA:288,0
DA:290,0
DA:291,0
DA:296,0
DA:303,0
DA:304,0
DA:307,0
DA:308,0
DA:323,0
DA:324,0
DA:326,0
DA:327,0
DA:328,0
DA:332,0
DA:335,0
DA:341,0
DA:342,0
DA:345,0
DA:346,0
DA:361,0
DA:362,0
DA:364,0
DA:365,0
DA:366,0
DA:370,0
DA:373,0
DA:380,0
DA:381,0
DA:384,0
DA:385,0
LF:125
LH:0
BRDA:61,0,0,0
BRDA:61,0,1,0
BRDA:65,1,0,0
BRDA:65,1,1,0
BRDA:65,1,2,0
BRDA:65,1,3,0
BRDA:65,1,4,0
BRDA:70,2,0,0
BRDA:70,2,1,0
BRDA:88,3,0,0
BRDA:88,3,1,0
BRDA:104,4,0,0
BRDA:104,4,1,0
BRDA:120,5,0,0
BRDA:120,5,1,0
BRDA:139,6,0,0
BRDA:139,6,1,0
BRDA:164,7,0,0
BRDA:164,7,1,0
BRDA:164,8,0,0
BRDA:164,8,1,0
BRDA:197,9,0,0
BRDA:197,9,1,0
BRDA:256,10,0,0
BRDA:256,10,1,0
BRDA:281,11,0,0
BRDA:281,11,1,0
BRDA:281,12,0,0
BRDA:281,12,1,0
BRDA:303,13,0,0
BRDA:303,13,1,0
BRDA:327,14,0,0
BRDA:327,14,1,0
BRDA:327,15,0,0
BRDA:327,15,1,0
BRDA:341,16,0,0
BRDA:341,16,1,0
BRDA:365,17,0,0
BRDA:365,17,1,0
BRDA:365,18,0,0
BRDA:365,18,1,0
BRDA:380,19,0,0
BRDA:380,19,1,0
BRF:43
BRH:0
end_of_record
TN:
SF:src\controllers\image.controller.ts
FN:8,(anonymous_1)
FN:11,(anonymous_2)
FNF:2
FNH:0
FNDA:0,(anonymous_1)
FNDA:0,(anonymous_2)
DA:2,1
DA:3,1
DA:4,1
DA:6,1
DA:9,0
DA:12,0
DA:13,0
DA:14,0
DA:19,0
DA:20,0
DA:23,0
DA:24,0
DA:26,0
DA:27,0
DA:28,0
DA:30,0
DA:31,0
DA:32,0
DA:37,0
DA:38,0
LF:20
LH:4
BRDA:15,0,0,0
BRDA:15,0,1,0
BRDA:19,1,0,0
BRDA:19,1,1,0
BRDA:19,2,0,0
BRDA:19,2,1,0
BRDA:30,3,0,0
BRDA:30,3,1,0
BRF:8
BRH:0
end_of_record
TN:
SF:src\controllers\notification.controller.ts
FN:9,(anonymous_0)
FN:13,(anonymous_1)
FN:45,(anonymous_2)
FN:78,(anonymous_3)
FNF:4
FNH:0
FNDA:0,(anonymous_0)
FNDA:0,(anonymous_1)
FNDA:0,(anonymous_2)
FNDA:0,(anonymous_3)
DA:3,0
DA:4,0
DA:6,0
DA:10,0
DA:14,0
DA:15,0
DA:16,0
DA:18,0
DA:19,0
DA:22,0
DA:24,0
DA:30,0
DA:31,0
DA:32,0
DA:37,0
DA:46,0
DA:47,0
DA:48,0
DA:50,0
DA:51,0
DA:54,0
DA:56,0
DA:62,0
DA:63,0
DA:64,0
DA:69,0
DA:79,0
DA:80,0
DA:82,0
DA:84,0
DA:85,0
DA:88,0
DA:93,0
DA:94,0
DA:95,0
DA:100,0
LF:36
LH:0
BRDA:18,0,0,0
BRDA:18,0,1,0
BRDA:18,1,0,0
BRDA:18,1,1,0
BRDA:22,2,0,0
BRDA:22,2,1,0
BRDA:31,3,0,0
BRDA:31,3,1,0
BRDA:50,4,0,0
BRDA:50,4,1,0
BRDA:63,5,0,0
BRDA:63,5,1,0
BRDA:84,6,0,0
BRDA:84,6,1,0
BRDA:94,7,0,0
BRDA:94,7,1,0
BRF:16
BRH:0
end_of_record
TN:
SF:src\controllers\order.controller.ts
FN:31,(anonymous_1)
FN:46,(anonymous_2)
FN:83,(anonymous_3)
FN:98,(anonymous_4)
FN:99,(anonymous_5)
FN:121,(anonymous_6)
FN:122,(anonymous_7)
FN:214,(anonymous_8)
FN:241,(anonymous_9)
FN:267,(anonymous_10)
FN:287,(anonymous_11)
FN:314,(anonymous_12)
FN:332,(anonymous_13)
FN:364,(anonymous_14)
FN:395,(anonymous_15)
FN:445,(anonymous_16)
FN:471,(anonymous_17)
FN:504,(anonymous_18)
FN:537,(anonymous_19)
FN:581,(anonymous_20)
FN:634,(anonymous_21)
FN:662,(anonymous_22)
FN:711,(anonymous_23)
FN:750,(anonymous_24)
FN:766,(anonymous_25)
FN:781,(anonymous_26)
FN:796,(anonymous_27)
FNF:27
FNH:0
FNDA:0,(anonymous_1)
FNDA:0,(anonymous_2)
FNDA:0,(anonymous_3)
FNDA:0,(anonymous_4)
FNDA:0,(anonymous_5)
FNDA:0,(anonymous_6)
FNDA:0,(anonymous_7)
FNDA:0,(anonymous_8)
FNDA:0,(anonymous_9)
FNDA:0,(anonymous_10)
FNDA:0,(anonymous_11)
FNDA:0,(anonymous_12)
FNDA:0,(anonymous_13)
FNDA:0,(anonymous_14)
FNDA:0,(anonymous_15)
FNDA:0,(anonymous_16)
FNDA:0,(anonymous_17)
FNDA:0,(anonymous_18)
FNDA:0,(anonymous_19)
FNDA:0,(anonymous_20)
FNDA:0,(anonymous_21)
FNDA:0,(anonymous_22)
FNDA:0,(anonymous_23)
FNDA:0,(anonymous_24)
FNDA:0,(anonymous_25)
FNDA:0,(anonymous_26)
FNDA:0,(anonymous_27)
DA:2,1
DA:5,1
DA:6,1
DA:7,1
DA:8,1
DA:9,1
DA:10,1
DA:11,1
DA:12,1
DA:13,1
DA:14,1
DA:15,1
DA:16,1
DA:17,1
DA:24,1
DA:32,0
DA:33,0
DA:34,0
DA:35,0
DA:36,0
DA:47,0
DA:48,0
DA:49,0
DA:52,0
DA:53,0
DA:55,0
DA:56,0
DA:59,0
DA:60,0
DA:61,0
DA:62,0
DA:66,0
DA:69,0
DA:71,0
DA:72,0
DA:73,0
DA:76,0
DA:77,0
DA:79,0
DA:80,0
DA:83,0
DA:84,0
DA:87,0
DA:90,0
DA:95,0
DA:99,0
DA:100,0
DA:112,0
DA:115,0
DA:117,0
DA:118,0
DA:120,0
DA:121,0
DA:122,0
DA:130,0
DA:133,0
DA:135,0
DA:136,0
DA:139,0
DA:142,0
DA:143,0
DA:144,0
DA:145,0
DA:146,0
DA:147,0
DA:148,0
DA:150,0
DA:168,0
DA:170,0
DA:173,0
DA:177,0
DA:178,0
DA:182,0
DA:186,0
DA:190,0
DA:196,0
DA:197,0
DA:215,0
DA:216,0
DA:218,0
DA:219,0
DA:223,0
DA:224,0
DA:226,0
DA:227,0
DA:229,0
DA:242,0
DA:243,0
DA:245,0
DA:246,0
DA:250,0
DA:251,0
DA:253,0
DA:254,0
DA:256,0
DA:268,0
DA:269,0
DA:270,0
DA:272,0
DA:273,0
DA:275,0
DA:291,0
DA:292,0
DA:293,0
DA:294,0
DA:297,0
DA:298,0
DA:299,0
DA:303,0
DA:306,0
DA:307,0
DA:311,0
DA:312,0
DA:313,0
DA:314,0
DA:317,0
DA:318,0
DA:322,0
DA:324,0
DA:325,0
DA:327,0
DA:333,0
DA:334,0
DA:336,0
DA:338,0
DA:339,0
DA:342,0
DA:348,0
DA:349,0
DA:351,0
DA:365,0
DA:366,0
DA:367,0
DA:370,0
DA:371,0
DA:372,0
DA:375,0
DA:378,0
DA:379,0
DA:381,0
DA:382,0
DA:384,0
DA:396,0
DA:398,0
DA:400,0
DA:404,0
DA:405,0
DA:406,0
DA:409,0
DA:416,0
DA:417,0
DA:428,0
DA:430,0
DA:431,0
DA:433,0
DA:446,0
DA:447,0
DA:448,0
DA:449,0
DA:452,0
DA:453,0
DA:455,0
DA:456,0
DA:458,0
DA:472,0
DA:473,0
DA:474,0
DA:475,0
DA:478,0
DA:480,0
DA:484,0
DA:487,0
DA:489,0
DA:490,0
DA:492,0
DA:505,0
DA:506,0
DA:507,0
DA:509,0
DA:510,0
DA:513,0
DA:515,0
DA:516,0
DA:519,0
DA:521,0
DA:522,0
DA:523,0
DA:526,0
DA:528,0
DA:529,0
DA:531,0
DA:532,0
DA:538,0
DA:540,0
DA:542,0
DA:545,0
DA:546,0
DA:549,0
DA:551,0
DA:552,0
DA:556,0
DA:558,0
DA:560,0
DA:566,0
DA:567,0
DA:569,0
DA:570,0
DA:582,0
DA:583,0
DA:584,0
DA:588,0
DA:590,0
DA:593,0
DA:594,0
DA:595,0
DA:598,0
DA:605,0
DA:606,0
DA:617,0
DA:619,0
DA:620,0
DA:622,0
DA:635,0
DA:636,0
DA:637,0
DA:640,0
DA:641,0
DA:642,0
DA:645,0
DA:646,0
DA:648,0
DA:649,0
DA:651,0
DA:663,0
DA:664,0
DA:666,0
DA:667,0
DA:671,0
DA:673,0
DA:676,0
DA:677,0
DA:678,0
DA:681,0
DA:688,0
DA:689,0
DA:700,0
DA:702,0
DA:703,0
DA:705,0
DA:712,0
DA:713,0
DA:715,0
DA:717,0
DA:718,0
DA:721,0
DA:723,0
DA:724,0
DA:727,0
DA:728,0
DA:730,0
DA:732,0
DA:733,0
DA:736,0
DA:742,0
DA:743,0
DA:745,0
DA:751,0
DA:752,0
DA:754,0
DA:757,0
DA:758,0
DA:760,0
DA:761,0
DA:767,0
DA:768,0
DA:769,0
DA:770,0
DA:771,0
DA:773,0
DA:776,0
DA:777,0
DA:782,0
DA:783,0
DA:784,0
DA:785,0
DA:786,0
DA:788,0
DA:791,0
DA:792,0
DA:797,0
DA:798,0
DA:799,0
DA:800,0
DA:801,0
DA:802,0
DA:804,0
DA:806,0
DA:807,0
LF:298
LH:15
BRDA:48,0,0,0
BRDA:48,0,1,0
BRDA:55,1,0,0
BRDA:55,1,1,0
BRDA:76,2,0,0
BRDA:76,2,1,0
BRDA:77,3,0,0
BRDA:77,3,1,0
BRDA:102,4,0,0
BRDA:102,4,1,0
BRDA:105,5,0,0
BRDA:105,5,1,0
BRDA:106,6,0,0
BRDA:106,6,1,0
BRDA:124,7,0,0
BRDA:124,7,1,0
BRDA:127,8,0,0
BRDA:127,8,1,0
BRDA:130,9,0,0
BRDA:130,9,1,0
BRDA:168,10,0,0
BRDA:168,10,1,0
BRDA:177,11,0,0
BRDA:177,11,1,0
BRDA:191,12,0,0
BRDA:191,12,1,0
BRDA:192,13,0,0
BRDA:192,13,1,0
BRDA:200,14,0,0
BRDA:200,14,1,0
BRDA:200,15,0,0
BRDA:200,15,1,0
BRDA:218,16,0,0
BRDA:218,16,1,0
BRDA:218,17,0,0
BRDA:218,17,1,0
BRDA:226,18,0,0
BRDA:226,18,1,0
BRDA:245,19,0,0
BRDA:245,19,1,0
BRDA:253,20,0,0
BRDA:253,20,1,0
BRDA:272,21,0,0
BRDA:272,21,1,0
BRDA:293,22,0,0
BRDA:293,22,1,0
BRDA:298,23,0,0
BRDA:298,23,1,0
BRDA:306,24,0,0
BRDA:306,24,1,0
BRDA:306,25,0,0
BRDA:306,25,1,0
BRDA:311,26,0,0
BRDA:311,26,1,0
BRDA:317,27,0,0
BRDA:317,27,1,0
BRDA:324,28,0,0
BRDA:324,28,1,0
BRDA:338,29,0,0
BRDA:338,29,1,0
BRDA:348,30,0,0
BRDA:348,30,1,0
BRDA:366,31,0,0
BRDA:366,31,1,0
BRDA:371,32,0,0
BRDA:371,32,1,0
BRDA:381,33,0,0
BRDA:381,33,1,0
BRDA:430,34,0,0
BRDA:430,34,1,0
BRDA:448,35,0,0
BRDA:448,35,1,0
BRDA:455,36,0,0
BRDA:455,36,1,0
BRDA:474,37,0,0
BRDA:474,37,1,0
BRDA:489,38,0,0
BRDA:489,38,1,0
BRDA:509,39,0,0
BRDA:509,39,1,0
BRDA:515,40,0,0
BRDA:515,40,1,0
BRDA:515,41,0,0
BRDA:515,41,1,0
BRDA:521,42,0,0
BRDA:521,42,1,0
BRDA:528,43,0,0
BRDA:528,43,1,0
BRDA:545,44,0,0
BRDA:545,44,1,0
BRDA:551,45,0,0
BRDA:551,45,1,0
BRDA:566,46,0,0
BRDA:566,46,1,0
BRDA:583,47,0,0
BRDA:583,47,1,0
BRDA:619,48,0,0
BRDA:619,48,1,0
BRDA:636,49,0,0
BRDA:636,49,1,0
BRDA:641,50,0,0
BRDA:641,50,1,0
BRDA:648,51,0,0
BRDA:648,51,1,0
BRDA:666,52,0,0
BRDA:666,52,1,0
BRDA:702,53,0,0
BRDA:702,53,1,0
BRDA:717,54,0,0
BRDA:717,54,1,0
BRDA:717,55,0,0
BRDA:717,55,1,0
BRDA:723,56,0,0
BRDA:723,56,1,0
BRDA:732,57,0,0
BRDA:732,57,1,0
BRDA:732,58,0,0
BRDA:732,58,1,0
BRDA:742,59,0,0
BRDA:742,59,1,0
BRDA:757,60,0,0
BRDA:757,60,1,0
BRDA:770,61,0,0
BRDA:770,61,1,0
BRDA:785,62,0,0
BRDA:785,62,1,0
BRDA:801,63,0,0
BRDA:801,63,1,0
BRF:128
BRH:0
end_of_record
TN:
SF:src\controllers\product.controller.ts
FN:31,(anonymous_1)
FN:46,(anonymous_2)
FN:78,(anonymous_3)
FN:128,(anonymous_4)
FN:178,(anonymous_5)
FN:180,(anonymous_6)
FN:194,(anonymous_7)
FN:253,(anonymous_8)
FN:290,(anonymous_9)
FN:350,(anonymous_10)
FN:385,(anonymous_11)
FN:440,(anonymous_12)
FN:484,(anonymous_13)
FN:547,(anonymous_14)
FN:561,(anonymous_15)
FN:648,(anonymous_16)
FNF:16
FNH:0
FNDA:0,(anonymous_1)
FNDA:0,(anonymous_2)
FNDA:0,(anonymous_3)
FNDA:0,(anonymous_4)
FNDA:0,(anonymous_5)
FNDA:0,(anonymous_6)
FNDA:0,(anonymous_7)
FNDA:0,(anonymous_8)
FNDA:0,(anonymous_9)
FNDA:0,(anonymous_10)
FNDA:0,(anonymous_11)
FNDA:0,(anonymous_12)
FNDA:0,(anonymous_13)
FNDA:0,(anonymous_14)
FNDA:0,(anonymous_15)
FNDA:0,(anonymous_16)
DA:4,1
DA:5,1
DA:8,1
DA:11,1
DA:12,1
DA:13,1
DA:14,1
DA:22,1
DA:32,0
DA:33,0
DA:34,0
DA:47,0
DA:49,0
DA:52,0
DA:54,0
DA:57,0
DA:65,0
DA:66,0
DA:69,0
DA:82,0
DA:83,0
DA:89,0
DA:90,0
DA:91,0
DA:93,0
DA:94,0
DA:97,0
DA:104,0
DA:111,0
DA:117,0
DA:118,0
DA:119,0
DA:121,0
DA:122,0
DA:132,0
DA:133,0
DA:134,0
DA:135,0
DA:136,0
DA:138,0
DA:146,0
DA:148,0
DA:157,0
DA:159,0
DA:165,0
DA:166,0
DA:167,0
DA:169,0
DA:170,0
DA:179,0
DA:181,0
DA:182,0
DA:190,0
DA:195,0
DA:196,0
DA:199,0
DA:201,0
DA:202,0
DA:204,0
DA:210,0
DA:212,0
DA:215,0
DA:222,0
DA:223,0
DA:234,0
DA:240,0
DA:242,0
DA:243,0
DA:244,0
DA:246,0
DA:247,0
DA:254,0
DA:256,0
DA:259,0
DA:261,0
DA:264,0
DA:265,0
DA:266,0
DA:269,0
DA:271,0
DA:277,0
DA:278,0
DA:279,0
DA:282,0
DA:283,0
DA:294,0
DA:296,0
DA:297,0
DA:300,0
DA:303,0
DA:311,0
DA:314,0
DA:321,0
DA:322,0
DA:333,0
DA:336,0
DA:337,0
DA:338,0
DA:341,0
DA:342,0
DA:351,0
DA:353,0
DA:356,0
DA:359,0
DA:362,0
DA:363,0
DA:364,0
DA:367,0
DA:368,0
DA:386,0
DA:388,0
DA:391,0
DA:394,0
DA:395,0
DA:398,0
DA:401,0
DA:409,0
DA:410,0
DA:414,0
DA:415,0
DA:416,0
DA:417,0
DA:418,0
DA:422,0
DA:425,0
DA:428,0
DA:429,0
DA:432,0
DA:433,0
DA:441,0
DA:442,0
DA:444,0
DA:446,0
DA:447,0
DA:448,0
DA:454,0
DA:455,0
DA:457,0
DA:459,0
DA:464,0
DA:466,0
DA:467,0
DA:469,0
DA:485,0
DA:486,0
DA:492,0
DA:495,0
DA:498,0
DA:505,0
DA:506,0
DA:517,0
DA:523,0
DA:526,0
DA:527,0
DA:528,0
DA:530,0
DA:532,0
DA:548,0
DA:550,0
DA:552,0
DA:553,0
DA:556,0
DA:559,0
DA:561,0
DA:570,0
DA:571,0
DA:575,0
DA:576,0
DA:578,0
DA:579,0
DA:585,0
DA:586,0
DA:592,0
DA:593,0
DA:600,0
DA:603,0
DA:604,0
DA:606,0
DA:608,0
DA:615,0
DA:616,0
DA:618,0
DA:619,0
DA:620,0
DA:621,0
DA:622,0
DA:625,0
DA:630,0
DA:631,0
DA:633,0
DA:634,0
DA:652,0
DA:653,0
DA:656,0
DA:663,0
DA:666,0
DA:670,0
DA:674,0
DA:677,0
DA:679,0
DA:680,0
DA:681,0
DA:683,0
DA:684,0
LF:204
LH:8
BRDA:65,0,0,0
BRDA:65,0,1,0
BRDA:93,1,0,0
BRDA:93,1,1,0
BRDA:93,2,0,0
BRDA:93,2,1,0
BRDA:93,2,2,0
BRDA:117,3,0,0
BRDA:117,3,1,0
BRDA:149,4,0,0
BRDA:149,4,1,0
BRDA:150,5,0,0
BRDA:150,5,1,0
BRDA:165,6,0,0
BRDA:165,6,1,0
BRDA:242,7,0,0
BRDA:242,7,1,0
BRDA:264,8,0,0
BRDA:264,8,1,0
BRDA:277,9,0,0
BRDA:277,9,1,0
BRDA:336,10,0,0
BRDA:336,10,1,0
BRDA:362,11,0,0
BRDA:362,11,1,0
BRDA:394,12,0,0
BRDA:394,12,1,0
BRDA:398,13,0,0
BRDA:398,13,1,0
BRDA:409,14,0,0
BRDA:409,14,1,0
BRDA:416,15,0,0
BRDA:416,15,1,0
BRDA:428,16,0,0
BRDA:428,16,1,0
BRDA:446,17,0,0
BRDA:446,17,1,0
BRDA:466,18,0,0
BRDA:466,18,1,0
BRDA:526,19,0,0
BRDA:526,19,1,0
BRDA:552,20,0,0
BRDA:552,20,1,0
BRDA:552,21,0,0
BRDA:552,21,1,0
BRDA:570,22,0,0
BRDA:570,22,1,0
BRDA:585,23,0,0
BRDA:585,23,1,0
BRDA:592,24,0,0
BRDA:592,24,1,0
BRDA:615,25,0,0
BRDA:615,25,1,0
BRDA:621,26,0,0
BRDA:621,26,1,0
BRDA:630,27,0,0
BRDA:630,27,1,0
BRDA:679,28,0,0
BRDA:679,28,1,0
BRF:59
BRH:0
end_of_record
TN:
SF:src\controllers\promo.controller.ts
FN:10,(anonymous_0)
FN:14,(anonymous_1)
FN:33,(anonymous_2)
FN:51,(anonymous_3)
FNF:4
FNH:0
FNDA:0,(anonymous_0)
FNDA:0,(anonymous_1)
FNDA:0,(anonymous_2)
FNDA:0,(anonymous_3)
DA:2,0
DA:4,0
DA:7,0
DA:11,0
DA:15,0
DA:16,0
DA:18,0
DA:23,0
DA:24,0
DA:25,0
DA:27,0
DA:28,0
DA:34,0
DA:35,0
DA:37,0
DA:39,0
DA:41,0
DA:42,0
DA:44,0
DA:45,0
DA:52,0
DA:54,0
DA:55,0
DA:56,0
DA:58,0
DA:60,0
DA:66,0
DA:67,0
DA:70,0
DA:71,0
LF:30
LH:0
BRDA:23,0,0,0
BRDA:23,0,1,0
BRDA:41,1,0,0
BRDA:41,1,1,0
BRDA:55,2,0,0
BRDA:55,2,1,0
BRDA:66,3,0,0
BRDA:66,3,1,0
BRF:8
BRH:0
end_of_record
TN:
SF:src\controllers\reviews.controller.ts
FN:20,(anonymous_0)
FN:34,(anonymous_1)
FN:65,(anonymous_2)
FN:88,(anonymous_3)
FN:140,(anonymous_4)
FNF:5
FNH:0
FNDA:0,(anonymous_0)
FNDA:0,(anonymous_1)
FNDA:0,(anonymous_2)
FNDA:0,(anonymous_3)
FNDA:0,(anonymous_4)
DA:2,0
DA:4,0
DA:13,0
DA:21,0
DA:35,0
DA:37,0
DA:40,0
DA:43,0
DA:44,0
DA:47,0
DA:66,0
DA:67,0
DA:70,0
DA:73,0
DA:76,0
DA:79,0
DA:80,0
DA:83,0
DA:89,0
DA:90,0
DA:92,0
DA:94,0
DA:96,0
DA:97,0
DA:98,0
DA:99,0
DA:102,0
DA:103,0
DA:106,0
DA:108,0
DA:109,0
DA:112,0
DA:114,0
DA:122,0
DA:124,0
DA:125,0
DA:132,0
DA:141,0
DA:142,0
DA:144,0
DA:146,0
DA:147,0
DA:150,0
DA:153,0
DA:160,0
DA:162,0
DA:163,0
DA:170,0
LF:48
LH:0
BRDA:43,0,0,0
BRDA:43,0,1,0
BRDA:79,1,0,0
BRDA:79,1,1,0
BRDA:102,2,0,0
BRDA:102,2,1,0
BRDA:108,3,0,0
BRDA:108,3,1,0
BRDA:124,4,0,0
BRDA:124,4,1,0
BRDA:125,5,0,0
BRDA:125,5,1,0
BRDA:127,6,0,0
BRDA:127,6,1,0
BRDA:132,7,0,0
BRDA:132,7,1,0
BRDA:134,8,0,0
BRDA:134,8,1,0
BRDA:146,9,0,0
BRDA:146,9,1,0
BRDA:162,10,0,0
BRDA:162,10,1,0
BRDA:163,11,0,0
BRDA:163,11,1,0
BRDA:165,12,0,0
BRDA:165,12,1,0
BRDA:170,13,0,0
BRDA:170,13,1,0
BRDA:172,14,0,0
BRDA:172,14,1,0
BRF:30
BRH:0
end_of_record
TN:
SF:src\controllers\subcategory.controller.ts
FN:21,(anonymous_0)
FN:35,(anonymous_1)
FN:93,(anonymous_2)
FN:127,(anonymous_3)
FN:167,(anonymous_4)
FN:221,(anonymous_5)
FNF:6
FNH:0
FNDA:0,(anonymous_0)
FNDA:0,(anonymous_1)
FNDA:0,(anonymous_2)
FNDA:0,(anonymous_3)
FNDA:0,(anonymous_4)
FNDA:0,(anonymous_5)
DA:2,0
DA:5,0
DA:6,0
DA:14,0
DA:22,0
DA:36,0
DA:38,0
DA:39,0
DA:40,0
DA:41,0
DA:45,0
DA:46,0
DA:47,0
DA:48,0
DA:52,0
DA:53,0
DA:54,0
DA:55,0
DA:59,0
DA:61,0
DA:64,0
DA:66,0
DA:67,0
DA:71,0
DA:72,0
DA:75,0
DA:76,0
DA:79,0
DA:94,0
DA:96,0
DA:97,0
DA:98,0
DA:99,0
DA:103,0
DA:104,0
DA:107,0
DA:108,0
DA:111,0
DA:128,0
DA:130,0
DA:131,0
DA:132,0
DA:133,0
DA:137,0
DA:140,0
DA:141,0
DA:142,0
DA:145,0
DA:148,0
DA:149,0
DA:152,0
DA:168,0
DA:170,0
DA:171,0
DA:172,0
DA:173,0
DA:177,0
DA:178,0
DA:179,0
DA:180,0
DA:184,0
DA:185,0
DA:186,0
DA:187,0
DA:188,0
DA:189,0
DA:193,0
DA:196,0
DA:198,0
DA:201,0
DA:202,0
DA:205,0
DA:222,0
DA:224,0
DA:225,0
DA:226,0
DA:227,0
DA:231,0
DA:232,0
DA:233,0
DA:234,0
DA:235,0
DA:236,0
DA:240,0
DA:241,0
DA:244,0
DA:245,0
DA:248,0
LF:88
LH:0
BRDA:39,0,0,0
BRDA:39,0,1,0
BRDA:46,1,0,0
BRDA:46,1,1,0
BRDA:53,2,0,0
BRDA:53,2,1,0
BRDA:66,3,0,0
BRDA:66,3,1,0
BRDA:75,4,0,0
BRDA:75,4,1,0
BRDA:97,5,0,0
BRDA:97,5,1,0
BRDA:107,6,0,0
BRDA:107,6,1,0
BRDA:131,7,0,0
BRDA:131,7,1,0
BRDA:131,8,0,0
BRDA:131,8,1,0
BRDA:140,9,0,0
BRDA:140,9,1,0
BRDA:148,10,0,0
BRDA:148,10,1,0
BRDA:171,11,0,0
BRDA:171,11,1,0
BRDA:178,12,0,0
BRDA:178,12,1,0
BRDA:187,13,0,0
BRDA:187,13,1,0
BRDA:187,14,0,0
BRDA:187,14,1,0
BRDA:201,15,0,0
BRDA:201,15,1,0
BRDA:225,16,0,0
BRDA:225,16,1,0
BRDA:234,17,0,0
BRDA:234,17,1,0
BRDA:234,18,0,0
BRDA:234,18,1,0
BRDA:244,19,0,0
BRDA:244,19,1,0
BRF:40
BRH:0
end_of_record
TN:
SF:src\controllers\user.controller.ts
FN:29,(anonymous_1)
FN:40,(anonymous_2)
FN:59,(anonymous_3)
FN:74,(anonymous_4)
FN:154,(anonymous_5)
FN:220,(anonymous_6)
FN:263,(anonymous_7)
FN:290,(anonymous_8)
FN:319,(anonymous_9)
FN:399,(anonymous_10)
FN:455,(anonymous_11)
FN:574,(anonymous_12)
FN:643,(anonymous_13)
FN:656,(anonymous_14)
FN:767,(anonymous_15)
FN:869,(anonymous_16)
FN:956,(anonymous_17)
FN:1035,(anonymous_18)
FN:1107,(anonymous_19)
FN:1149,(anonymous_20)
FN:1214,(anonymous_21)
FN:1293,(anonymous_22)
FN:1333,(anonymous_23)
FNF:23
FNH:0
FNDA:0,(anonymous_1)
FNDA:0,(anonymous_2)
FNDA:0,(anonymous_3)
FNDA:0,(anonymous_4)
FNDA:0,(anonymous_5)
FNDA:0,(anonymous_6)
FNDA:0,(anonymous_7)
FNDA:0,(anonymous_8)
FNDA:0,(anonymous_9)
FNDA:0,(anonymous_10)
FNDA:0,(anonymous_11)
FNDA:0,(anonymous_12)
FNDA:0,(anonymous_13)
FNDA:0,(anonymous_14)
FNDA:0,(anonymous_15)
FNDA:0,(anonymous_16)
FNDA:0,(anonymous_17)
FNDA:0,(anonymous_18)
FNDA:0,(anonymous_19)
FNDA:0,(anonymous_20)
FNDA:0,(anonymous_21)
FNDA:0,(anonymous_22)
FNDA:0,(anonymous_23)
DA:2,1
DA:3,1
DA:4,1
DA:5,1
DA:7,1
DA:8,1
DA:9,1
DA:11,1
DA:12,1
DA:13,1
DA:14,1
DA:15,1
DA:16,1
DA:30,0
DA:41,0
DA:50,1
DA:60,0
DA:61,0
DA:62,0
DA:75,0
DA:77,0
DA:78,0
DA:79,0
DA:80,0
DA:84,0
DA:87,0
DA:88,0
DA:89,0
DA:92,0
DA:93,0
DA:94,0
DA:98,0
DA:109,0
DA:116,0
DA:124,0
DA:136,0
DA:137,0
DA:139,0
DA:140,0
DA:155,0
DA:157,0
DA:160,0
DA:161,0
DA:164,0
DA:165,0
DA:166,0
DA:170,0
DA:171,0
DA:172,0
DA:176,0
DA:178,0
DA:179,0
DA:180,0
DA:184,0
DA:191,0
DA:198,0
DA:211,0
DA:212,0
DA:214,0
DA:221,0
DA:223,0
DA:225,0
DA:228,0
DA:229,0
DA:230,0
DA:233,0
DA:240,0
DA:241,0
DA:252,0
DA:254,0
DA:255,0
DA:257,0
DA:264,0
DA:265,0
DA:267,0
DA:269,0
DA:270,0
DA:273,0
DA:275,0
DA:281,0
DA:282,0
DA:284,0
DA:291,0
DA:292,0
DA:293,0
DA:295,0
DA:297,0
DA:298,0
DA:301,0
DA:303,0
DA:309,0
DA:310,0
DA:312,0
DA:320,0
DA:322,0
DA:323,0
DA:324,0
DA:325,0
DA:329,0
DA:332,0
DA:334,0
DA:337,0
DA:338,0
DA:339,0
DA:343,0
DA:354,0
DA:361,0
DA:369,0
DA:381,0
DA:382,0
DA:384,0
DA:385,0
DA:400,0
DA:402,0
DA:405,0
DA:408,0
DA:409,0
DA:410,0
DA:413,0
DA:420,0
DA:421,0
DA:432,0
DA:435,0
DA:436,0
DA:438,0
DA:456,0
DA:458,0
DA:459,0
DA:460,0
DA:461,0
DA:465,0
DA:468,0
DA:471,0
DA:473,0
DA:475,0
DA:476,0
DA:480,0
DA:481,0
DA:482,0
DA:483,0
DA:485,0
DA:486,0
DA:488,0
DA:492,0
DA:493,0
DA:494,0
DA:495,0
DA:498,0
DA:499,0
DA:501,0
DA:505,0
DA:509,0
DA:523,0
DA:530,0
DA:538,0
DA:550,0
DA:552,0
DA:553,0
DA:555,0
DA:556,0
DA:575,0
DA:577,0
DA:578,0
DA:579,0
DA:580,0
DA:584,0
DA:586,0
DA:588,0
DA:590,0
DA:591,0
DA:594,0
DA:596,0
DA:597,0
DA:601,0
DA:602,0
DA:606,0
DA:607,0
DA:608,0
DA:612,0
DA:619,0
DA:627,0
DA:634,0
DA:635,0
DA:637,0
DA:638,0
DA:644,0
DA:657,0
DA:658,0
DA:660,0
DA:661,0
DA:665,0
DA:670,0
DA:671,0
DA:672,0
DA:675,0
DA:676,0
DA:678,0
DA:681,0
DA:685,0
DA:687,0
DA:691,0
DA:693,0
DA:694,0
DA:698,0
DA:699,0
DA:700,0
DA:701,0
DA:704,0
DA:712,0
DA:717,0
DA:724,0
DA:732,0
DA:744,0
DA:745,0
DA:747,0
DA:748,0
DA:768,0
DA:770,0
DA:771,0
DA:773,0
DA:774,0
DA:778,0
DA:780,0
DA:783,0
DA:784,0
DA:785,0
DA:788,0
DA:789,0
DA:790,0
DA:791,0
DA:793,0
DA:798,0
DA:799,0
DA:802,0
DA:804,0
DA:805,0
DA:807,0
DA:811,0
DA:812,0
DA:813,0
DA:817,0
DA:819,0
DA:821,0
DA:824,0
DA:825,0
DA:827,0
DA:830,0
DA:831,0
DA:835,0
DA:838,0
DA:841,0
DA:847,0
DA:848,0
DA:851,0
DA:870,0
DA:872,0
DA:873,0
DA:875,0
DA:876,0
DA:880,0
DA:883,0
DA:884,0
DA:885,0
DA:888,0
DA:889,0
DA:890,0
DA:891,0
DA:893,0
DA:898,0
DA:901,0
DA:902,0
DA:906,0
DA:907,0
DA:911,0
DA:912,0
DA:914,0
DA:918,0
DA:919,0
DA:920,0
DA:921,0
DA:922,0
DA:925,0
DA:928,0
DA:934,0
DA:935,0
DA:938,0
DA:957,0
DA:959,0
DA:960,0
DA:962,0
DA:963,0
DA:967,0
DA:970,0
DA:972,0
DA:973,0
DA:976,0
DA:977,0
DA:980,0
DA:981,0
DA:982,0
DA:983,0
DA:985,0
DA:990,0
DA:993,0
DA:994,0
DA:997,0
DA:998,0
DA:1001,0
DA:1004,0
DA:1007,0
DA:1013,0
DA:1014,0
DA:1017,0
DA:1036,0
DA:1038,0
DA:1039,0
DA:1041,0
DA:1042,0
DA:1046,0
DA:1049,0
DA:1050,0
DA:1051,0
DA:1054,0
DA:1055,0
DA:1056,0
DA:1057,0
DA:1059,0
DA:1064,0
DA:1067,0
DA:1070,0
DA:1073,0
DA:1074,0
DA:1077,0
DA:1080,0
DA:1086,0
DA:1087,0
DA:1090,0
DA:1108,0
DA:1110,0
DA:1111,0
DA:1112,0
DA:1116,0
DA:1117,0
DA:1118,0
DA:1122,0
DA:1128,0
DA:1129,0
DA:1132,0
DA:1153,0
DA:1155,0
DA:1156,0
DA:1157,0
DA:1158,0
DA:1162,0
DA:1163,0
DA:1164,0
DA:1167,0
DA:1169,0
DA:1170,0
DA:1174,0
DA:1175,0
DA:1179,0
DA:1180,0
DA:1181,0
DA:1182,0
DA:1186,0
DA:1192,0
DA:1193,0
DA:1195,0
DA:1218,0
DA:1219,0
DA:1221,0
DA:1222,0
DA:1223,0
DA:1224,0
DA:1229,0
DA:1230,0
DA:1231,0
DA:1232,0
DA:1233,0
DA:1236,0
DA:1237,0
DA:1239,0
DA:1241,0
DA:1243,0
DA:1244,0
DA:1249,0
DA:1250,0
DA:1251,0
DA:1252,0
DA:1259,0
DA:1260,0
DA:1261,0
DA:1264,0
DA:1266,0
DA:1272,0
DA:1273,0
DA:1275,0
DA:1276,0
DA:1294,0
DA:1295,0
DA:1297,0
DA:1298,0
DA:1299,0
DA:1302,0
DA:1304,0
DA:1306,0
DA:1307,0
DA:1308,0
DA:1311,0
DA:1313,0
DA:1316,0
DA:1317,0
DA:1334,0
DA:1336,0
DA:1337,0
DA:1338,0
DA:1339,0
DA:1343,0
DA:1344,0
DA:1345,0
DA:1346,0
DA:1347,0
DA:1350,0
DA:1351,0
DA:1354,0
DA:1355,0
DA:1357,0
DA:1358,0
DA:1360,0
DA:1361,0
DA:1362,0
DA:1367,0
DA:1368,0
DA:1374,0
DA:1378,0
DA:1379,0
DA:1383,0
DA:1384,0
DA:1385,0
DA:1386,0
DA:1390,0
DA:1391,0
DA:1392,0
DA:1393,0
DA:1395,0
DA:1400,0
DA:1401,0
DA:1403,0
LF:449
LH:14
BRDA:60,0,0,0
BRDA:60,0,1,0
BRDA:78,1,0,0
BRDA:78,1,1,0
BRDA:93,2,0,0
BRDA:93,2,1,0
BRDA:136,3,0,0
BRDA:136,3,1,0
BRDA:164,4,0,0
BRDA:164,4,1,0
BRDA:170,5,0,0
BRDA:170,5,1,0
BRDA:176,6,0,0
BRDA:176,6,1,0
BRDA:178,7,0,0
BRDA:178,7,1,0
BRDA:186,8,0,0
BRDA:186,8,1,0
BRDA:211,9,0,0
BRDA:211,9,1,0
BRDA:254,10,0,0
BRDA:254,10,1,0
BRDA:269,11,0,0
BRDA:269,11,1,0
BRDA:281,12,0,0
BRDA:281,12,1,0
BRDA:297,13,0,0
BRDA:297,13,1,0
BRDA:309,14,0,0
BRDA:309,14,1,0
BRDA:323,15,0,0
BRDA:323,15,1,0
BRDA:338,16,0,0
BRDA:338,16,1,0
BRDA:381,17,0,0
BRDA:381,17,1,0
BRDA:435,18,0,0
BRDA:435,18,1,0
BRDA:459,19,0,0
BRDA:459,19,1,0
BRDA:475,20,0,0
BRDA:475,20,1,0
BRDA:485,21,0,0
BRDA:485,21,1,0
BRDA:486,22,0,0
BRDA:486,22,1,0
BRDA:552,23,0,0
BRDA:552,23,1,0
BRDA:578,24,0,0
BRDA:578,24,1,0
BRDA:590,25,0,0
BRDA:590,25,1,0
BRDA:596,26,0,0
BRDA:596,26,1,0
BRDA:601,27,0,0
BRDA:601,27,1,0
BRDA:607,28,0,0
BRDA:607,28,1,0
BRDA:634,29,0,0
BRDA:634,29,1,0
BRDA:660,30,0,0
BRDA:660,30,1,0
BRDA:671,31,0,0
BRDA:671,31,1,0
BRDA:671,32,0,0
BRDA:671,32,1,0
BRDA:685,33,0,0
BRDA:685,33,1,0
BRDA:691,34,0,0
BRDA:691,34,1,0
BRDA:693,35,0,0
BRDA:693,35,1,0
BRDA:707,36,0,0
BRDA:707,36,1,0
BRDA:744,37,0,0
BRDA:744,37,1,0
BRDA:771,38,0,0
BRDA:771,38,1,0
BRDA:788,39,0,0
BRDA:788,39,1,0
BRDA:791,40,0,0
BRDA:791,40,1,0
BRDA:798,41,0,0
BRDA:798,41,1,0
BRDA:802,42,0,0
BRDA:802,42,1,0
BRDA:802,43,0,0
BRDA:802,43,1,0
BRDA:811,44,0,0
BRDA:811,44,1,0
BRDA:830,45,0,0
BRDA:830,45,1,0
BRDA:835,46,0,0
BRDA:835,46,1,0
BRDA:847,47,0,0
BRDA:847,47,1,0
BRDA:873,48,0,0
BRDA:873,48,1,0
BRDA:888,49,0,0
BRDA:888,49,1,0
BRDA:891,50,0,0
BRDA:891,50,1,0
BRDA:898,51,0,0
BRDA:898,51,1,0
BRDA:901,52,0,0
BRDA:901,52,1,0
BRDA:901,53,0,0
BRDA:901,53,1,0
BRDA:906,54,0,0
BRDA:906,54,1,0
BRDA:912,55,0,0
BRDA:912,55,1,0
BRDA:925,56,0,0
BRDA:925,56,1,0
BRDA:934,57,0,0
BRDA:934,57,1,0
BRDA:960,58,0,0
BRDA:960,58,1,0
BRDA:972,59,0,0
BRDA:972,59,1,0
BRDA:980,60,0,0
BRDA:980,60,1,0
BRDA:983,61,0,0
BRDA:983,61,1,0
BRDA:990,62,0,0
BRDA:990,62,1,0
BRDA:1001,63,0,0
BRDA:1001,63,1,0
BRDA:1013,64,0,0
BRDA:1013,64,1,0
BRDA:1039,65,0,0
BRDA:1039,65,1,0
BRDA:1054,66,0,0
BRDA:1054,66,1,0
BRDA:1057,67,0,0
BRDA:1057,67,1,0
BRDA:1064,68,0,0
BRDA:1064,68,1,0
BRDA:1077,69,0,0
BRDA:1077,69,1,0
BRDA:1086,70,0,0
BRDA:1086,70,1,0
BRDA:1111,71,0,0
BRDA:1111,71,1,0
BRDA:1117,72,0,0
BRDA:1117,72,1,0
BRDA:1128,73,0,0
BRDA:1128,73,1,0
BRDA:1156,74,0,0
BRDA:1156,74,1,0
BRDA:1163,75,0,0
BRDA:1163,75,1,0
BRDA:1169,76,0,0
BRDA:1169,76,1,0
BRDA:1174,77,0,0
BRDA:1174,77,1,0
BRDA:1174,78,0,0
BRDA:1174,78,1,0
BRDA:1181,79,0,0
BRDA:1181,79,1,0
BRDA:1192,80,0,0
BRDA:1192,80,1,0
BRDA:1222,81,0,0
BRDA:1222,81,1,0
BRDA:1232,82,0,0
BRDA:1232,82,1,0
BRDA:1232,83,0,0
BRDA:1232,83,1,0
BRDA:1241,84,0,0
BRDA:1241,84,1,0
BRDA:1243,85,0,0
BRDA:1243,85,1,0
BRDA:1243,86,0,0
BRDA:1243,86,1,0
BRDA:1253,87,0,0
BRDA:1253,87,1,0
BRDA:1261,88,0,0
BRDA:1261,88,1,0
BRDA:1272,89,0,0
BRDA:1272,89,1,0
BRDA:1297,90,0,0
BRDA:1297,90,1,0
BRDA:1306,91,0,0
BRDA:1306,91,1,0
BRDA:1337,92,0,0
BRDA:1337,92,1,0
BRDA:1346,93,0,0
BRDA:1346,93,1,0
BRDA:1346,94,0,0
BRDA:1346,94,1,0
BRDA:1351,95,0,0
BRDA:1351,95,1,0
BRDA:1354,96,0,0
BRDA:1354,96,1,0
BRDA:1354,97,0,0
BRDA:1354,97,1,0
BRDA:1357,98,0,0
BRDA:1357,98,1,0
BRDA:1361,99,0,0
BRDA:1361,99,1,0
BRDA:1378,100,0,0
BRDA:1378,100,1,0
BRDA:1378,101,0,0
BRDA:1378,101,1,0
BRDA:1378,102,0,0
BRDA:1378,102,1,0
BRDA:1385,103,0,0
BRDA:1385,103,1,0
BRDA:1385,104,0,0
BRDA:1385,104,1,0
BRDA:1393,105,0,0
BRDA:1393,105,1,0
BRDA:1400,106,0,0
BRDA:1400,106,1,0
BRF:214
BRH:0
end_of_record
TN:
SF:src\controllers\vendor.controller.ts
FN:38,(anonymous_1)
FN:47,(anonymous_2)
FN:64,(anonymous_3)
FN:79,(anonymous_4)
FN:121,(anonymous_5)
FN:136,(anonymous_6)
FN:187,(anonymous_7)
FN:300,(anonymous_8)
FN:367,(anonymous_9)
FN:443,(anonymous_10)
FN:512,(anonymous_11)
FN:562,(anonymous_12)
FN:608,(anonymous_13)
FN:636,(anonymous_14)
FN:674,(anonymous_15)
FN:730,(anonymous_16)
FN:765,(anonymous_17)
FNF:17
FNH:0
FNDA:0,(anonymous_1)
FNDA:0,(anonymous_2)
FNDA:0,(anonymous_3)
FNDA:0,(anonymous_4)
FNDA:0,(anonymous_5)
FNDA:0,(anonymous_6)
FNDA:0,(anonymous_7)
FNDA:0,(anonymous_8)
FNDA:0,(anonymous_9)
FNDA:0,(anonymous_10)
FNDA:0,(anonymous_11)
FNDA:0,(anonymous_12)
FNDA:0,(anonymous_13)
FNDA:0,(anonymous_14)
FNDA:0,(anonymous_15)
FNDA:0,(anonymous_16)
FNDA:0,(anonymous_17)
DA:2,0
DA:3,0
DA:5,0
DA:6,0
DA:15,0
DA:23,0
DA:24,0
DA:25,0
DA:26,0
DA:27,0
DA:39,0
DA:48,0
DA:56,0
DA:65,0
DA:66,0
DA:67,0
DA:80,0
DA:82,0
DA:85,0
DA:88,0
DA:89,0
DA:90,0
DA:93,0
DA:100,0
DA:101,0
DA:112,0
DA:114,0
DA:115,0
DA:117,0
DA:122,0
DA:124,0
DA:125,0
DA:127,0
DA:128,0
DA:130,0
DA:137,0
DA:139,0
DA:141,0
DA:144,0
DA:145,0
DA:146,0
DA:149,0
DA:156,0
DA:157,0
DA:168,0
DA:170,0
DA:171,0
DA:173,0
DA:188,0
DA:190,0
DA:191,0
DA:192,0
DA:193,0
DA:213,0
DA:215,0
DA:218,0
DA:219,0
DA:221,0
DA:222,0
DA:225,0
DA:226,0
DA:229,0
DA:232,0
DA:233,0
DA:236,0
DA:258,0
DA:261,0
DA:268,0
DA:276,0
DA:282,0
DA:283,0
DA:285,0
DA:286,0
DA:301,0
DA:303,0
DA:304,0
DA:305,0
DA:306,0
DA:309,0
DA:312,0
DA:313,0
DA:314,0
DA:318,0
DA:319,0
DA:323,0
DA:324,0
DA:328,0
DA:329,0
DA:333,0
DA:334,0
DA:335,0
DA:339,0
DA:340,0
DA:341,0
DA:342,0
DA:344,0
DA:350,0
DA:351,0
DA:353,0
DA:368,0
DA:370,0
DA:371,0
DA:372,0
DA:373,0
DA:377,0
DA:378,0
DA:379,0
DA:380,0
DA:382,0
DA:383,0
DA:385,0
DA:386,0
DA:387,0
DA:390,0
DA:393,0
DA:394,0
DA:397,0
DA:398,0
DA:401,0
DA:402,0
DA:403,0
DA:407,0
DA:412,0
DA:420,0
DA:426,0
DA:427,0
DA:429,0
DA:444,0
DA:446,0
DA:447,0
DA:448,0
DA:449,0
DA:453,0
DA:454,0
DA:455,0
DA:456,0
DA:458,0
DA:459,0
DA:460,0
DA:461,0
DA:462,0
DA:466,0
DA:467,0
DA:468,0
DA:472,0
DA:473,0
DA:474,0
DA:476,0
DA:477,0
DA:478,0
DA:479,0
DA:480,0
DA:483,0
DA:486,0
DA:489,0
DA:494,0
DA:495,0
DA:497,0
DA:513,0
DA:515,0
DA:516,0
DA:517,0
DA:518,0
DA:522,0
DA:523,0
DA:524,0
DA:525,0
DA:529,0
DA:530,0
DA:531,0
DA:532,0
DA:533,0
DA:536,0
DA:538,0
DA:543,0
DA:544,0
DA:546,0
DA:563,0
DA:565,0
DA:566,0
DA:567,0
DA:568,0
DA:572,0
DA:573,0
DA:574,0
DA:575,0
DA:579,0
DA:580,0
DA:581,0
DA:582,0
DA:583,0
DA:585,0
DA:590,0
DA:591,0
DA:593,0
DA:609,0
DA:611,0
DA:612,0
DA:613,0
DA:617,0
DA:618,0
DA:619,0
DA:622,0
DA:627,0
DA:628,0
DA:630,0
DA:637,0
DA:638,0
DA:640,0
DA:642,0
DA:643,0
DA:646,0
DA:647,0
DA:649,0
DA:655,0
DA:656,0
DA:657,0
DA:659,0
DA:675,0
DA:676,0
DA:677,0
DA:679,0
DA:681,0
DA:682,0
DA:685,0
DA:687,0
DA:689,0
DA:690,0
DA:692,0
DA:693,0
DA:696,0
DA:702,0
DA:704,0
DA:705,0
DA:707,0
DA:721,0
DA:722,0
DA:724,0
DA:731,0
DA:732,0
DA:734,0
DA:736,0
DA:737,0
DA:740,0
DA:742,0
DA:743,0
DA:744,0
DA:749,0
DA:753,0
DA:754,0
DA:756,0
DA:766,0
DA:767,0
DA:769,0
DA:771,0
DA:772,0
DA:775,0
DA:778,0
DA:784,0
DA:785,0
DA:787,0
LF:261
LH:0
BRDA:65,0,0,0
BRDA:65,0,1,0
BRDA:114,1,0,0
BRDA:114,1,1,0
BRDA:127,2,0,0
BRDA:127,2,1,0
BRDA:170,3,0,0
BRDA:170,3,1,0
BRDA:191,4,0,0
BRDA:191,4,1,0
BRDA:221,5,0,0
BRDA:221,5,1,0
BRDA:222,6,0,0
BRDA:222,6,1,0
BRDA:222,7,0,0
BRDA:222,7,1,0
BRDA:226,8,0,0
BRDA:226,8,1,0
BRDA:282,9,0,0
BRDA:282,9,1,0
BRDA:286,10,0,0
BRDA:286,10,1,0
BRDA:304,11,0,0
BRDA:304,11,1,0
BRDA:313,12,0,0
BRDA:313,12,1,0
BRDA:318,13,0,0
BRDA:318,13,1,0
BRDA:323,14,0,0
BRDA:323,14,1,0
BRDA:323,15,0,0
BRDA:323,15,1,0
BRDA:328,16,0,0
BRDA:328,16,1,0
BRDA:334,17,0,0
BRDA:334,17,1,0
BRDA:350,18,0,0
BRDA:350,18,1,0
BRDA:371,19,0,0
BRDA:371,19,1,0
BRDA:383,20,0,0
BRDA:383,20,1,0
BRDA:385,21,0,0
BRDA:385,21,1,0
BRDA:393,22,0,0
BRDA:393,22,1,0
BRDA:397,23,0,0
BRDA:397,23,1,0
BRDA:402,24,0,0
BRDA:402,24,1,0
BRDA:426,25,0,0
BRDA:426,25,1,0
BRDA:447,26,0,0
BRDA:447,26,1,0
BRDA:455,27,0,0
BRDA:455,27,1,0
BRDA:459,28,0,0
BRDA:459,28,1,0
BRDA:459,29,0,0
BRDA:459,29,1,0
BRDA:466,30,0,0
BRDA:466,30,1,0
BRDA:479,31,0,0
BRDA:479,31,1,0
BRDA:494,32,0,0
BRDA:494,32,1,0
BRDA:516,33,0,0
BRDA:516,33,1,0
BRDA:524,34,0,0
BRDA:524,34,1,0
BRDA:543,35,0,0
BRDA:543,35,1,0
BRDA:566,36,0,0
BRDA:566,36,1,0
BRDA:574,37,0,0
BRDA:574,37,1,0
BRDA:590,38,0,0
BRDA:590,38,1,0
BRDA:612,39,0,0
BRDA:612,39,1,0
BRDA:618,40,0,0
BRDA:618,40,1,0
BRDA:627,41,0,0
BRDA:627,41,1,0
BRDA:642,42,0,0
BRDA:642,42,1,0
BRDA:656,43,0,0
BRDA:656,43,1,0
BRDA:681,44,0,0
BRDA:681,44,1,0
BRDA:689,45,0,0
BRDA:689,45,1,0
BRDA:692,46,0,0
BRDA:692,46,1,0
BRDA:721,47,0,0
BRDA:721,47,1,0
BRDA:736,48,0,0
BRDA:736,48,1,0
BRDA:742,49,0,0
BRDA:742,49,1,0
BRDA:742,50,0,0
BRDA:742,50,1,0
BRDA:753,51,0,0
BRDA:753,51,1,0
BRDA:771,52,0,0
BRDA:771,52,1,0
BRDA:784,53,0,0
BRDA:784,53,1,0
BRF:108
BRH:0
end_of_record
TN:
SF:src\controllers\vendor.dashboard.controller.ts
FN:12,(anonymous_0)
FN:26,(anonymous_1)
FN:55,(anonymous_2)
FN:73,(anonymous_3)
FN:93,(anonymous_4)
FN:115,(anonymous_5)
FN:140,(anonymous_6)
FN:173,(anonymous_7)
FN:207,(anonymous_8)
FNF:9
FNH:0
FNDA:0,(anonymous_0)
FNDA:0,(anonymous_1)
FNDA:0,(anonymous_2)
FNDA:0,(anonymous_3)
FNDA:0,(anonymous_4)
FNDA:0,(anonymous_5)
FNDA:0,(anonymous_6)
FNDA:0,(anonymous_7)
FNDA:0,(anonymous_8)
DA:3,0
DA:4,0
DA:12,0
DA:13,0
DA:27,0
DA:28,0
DA:29,0
DA:30,0
DA:33,0
DA:34,0
DA:36,0
DA:37,0
DA:39,0
DA:56,0
DA:57,0
DA:58,0
DA:59,0
DA:62,0
DA:63,0
DA:65,0
DA:66,0
DA:68,0
DA:74,0
DA:75,0
DA:76,0
DA:77,0
DA:80,0
DA:82,0
DA:83,0
DA:85,0
DA:86,0
DA:88,0
DA:94,0
DA:95,0
DA:96,0
DA:97,0
DA:100,0
DA:101,0
DA:103,0
DA:104,0
DA:106,0
DA:107,0
DA:109,0
DA:116,0
DA:117,0
DA:118,0
DA:119,0
DA:122,0
DA:124,0
DA:126,0
DA:127,0
DA:129,0
DA:130,0
DA:131,0
DA:133,0
DA:141,0
DA:142,0
DA:144,0
DA:146,0
DA:148,0
DA:149,0
DA:152,0
DA:153,0
DA:156,0
DA:158,0
DA:164,0
DA:165,0
DA:166,0
DA:168,0
DA:174,0
DA:176,0
DA:178,0
DA:180,0
DA:182,0
DA:183,0
DA:186,0
DA:187,0
DA:190,0
DA:192,0
DA:198,0
DA:199,0
DA:200,0
DA:202,0
DA:208,0
DA:209,0
DA:210,0
DA:211,0
DA:214,0
DA:215,0
DA:217,0
DA:218,0
DA:223,0
DA:224,0
DA:225,0
DA:227,0
LF:95
LH:0
BRDA:29,0,0,0
BRDA:29,0,1,0
BRDA:29,1,0,0
BRDA:29,1,1,0
BRDA:36,2,0,0
BRDA:36,2,1,0
BRDA:58,3,0,0
BRDA:58,3,1,0
BRDA:58,4,0,0
BRDA:58,4,1,0
BRDA:65,5,0,0
BRDA:65,5,1,0
BRDA:76,6,0,0
BRDA:76,6,1,0
BRDA:76,7,0,0
BRDA:76,7,1,0
BRDA:85,8,0,0
BRDA:85,8,1,0
BRDA:96,9,0,0
BRDA:96,9,1,0
BRDA:96,10,0,0
BRDA:96,10,1,0
BRDA:101,11,0,0
BRDA:101,11,1,0
BRDA:101,12,0,0
BRDA:101,12,1,0
BRDA:106,13,0,0
BRDA:106,13,1,0
BRDA:118,14,0,0
BRDA:118,14,1,0
BRDA:118,15,0,0
BRDA:118,15,1,0
BRDA:130,16,0,0
BRDA:130,16,1,0
BRDA:148,17,0,0
BRDA:148,17,1,0
BRDA:152,18,0,0
BRDA:152,18,1,0
BRDA:165,19,0,0
BRDA:165,19,1,0
BRDA:182,20,0,0
BRDA:182,20,1,0
BRDA:186,21,0,0
BRDA:186,21,1,0
BRDA:199,22,0,0
BRDA:199,22,1,0
BRDA:210,23,0,0
BRDA:210,23,1,0
BRDA:210,24,0,0
BRDA:210,24,1,0
BRDA:214,25,0,0
BRDA:214,26,0,0
BRDA:215,27,0,0
BRDA:215,27,1,0
BRDA:224,28,0,0
BRDA:224,28,1,0
BRF:56
BRH:0
end_of_record
TN:
SF:src\controllers\wishlist.controller.ts
FN:14,(anonymous_0)
FN:28,(anonymous_1)
FN:57,(anonymous_2)
FN:89,(anonymous_3)
FN:115,(anonymous_4)
FNF:5
FNH:0
FNDA:0,(anonymous_0)
FNDA:0,(anonymous_1)
FNDA:0,(anonymous_2)
FNDA:0,(anonymous_3)
FNDA:0,(anonymous_4)
DA:4,0
DA:5,0
DA:11,0
DA:15,0
DA:29,0
DA:30,0
DA:31,0
DA:33,0
DA:34,0
DA:36,0
DA:37,0
DA:39,0
DA:40,0
DA:42,0
DA:58,0
DA:59,0
DA:60,0
DA:62,0
DA:63,0
DA:64,0
DA:67,0
DA:68,0
DA:70,0
DA:71,0
DA:73,0
DA:90,0
DA:91,0
DA:92,0
DA:94,0
DA:95,0
DA:97,0
DA:98,0
DA:100,0
DA:116,0
DA:117,0
DA:118,0
DA:120,0
DA:121,0
DA:123,0
DA:124,0
DA:126,0
LF:41
LH:0
BRDA:31,0,0,0
BRDA:31,0,1,0
BRDA:34,1,0,0
BRDA:34,1,1,0
BRDA:39,2,0,0
BRDA:39,2,1,0
BRDA:60,3,0,0
BRDA:60,3,1,0
BRDA:63,4,0,0
BRDA:63,4,1,0
BRDA:63,5,0,0
BRDA:63,5,1,0
BRDA:63,5,2,0
BRDA:70,6,0,0
BRDA:70,6,1,0
BRDA:92,7,0,0
BRDA:92,7,1,0
BRDA:95,8,0,0
BRDA:95,8,1,0
BRDA:97,9,0,0
BRDA:97,9,1,0
BRDA:118,10,0,0
BRDA:118,10,1,0
BRDA:123,11,0,0
BRDA:123,11,1,0
BRF:25
BRH:0
end_of_record
TN:
SF:src\controllers\auth\LoginController.ts
FN:14,(anonymous_0)
FN:24,(anonymous_1)
FN:54,(anonymous_2)
FN:79,(anonymous_3)
FNF:4
FNH:0
FNDA:0,(anonymous_0)
FNDA:0,(anonymous_1)
FNDA:0,(anonymous_2)
FNDA:0,(anonymous_3)
DA:2,0
DA:4,0
DA:5,0
DA:13,0
DA:14,0
DA:15,0
DA:24,0
DA:25,0
DA:28,0
DA:29,0
DA:33,0
DA:36,0
DA:54,0
DA:55,0
DA:56,0
DA:58,0
DA:59,0
DA:62,0
DA:63,0
DA:67,0
DA:70,0
DA:79,0
DA:80,0
DA:83,0
DA:84,0
DA:88,0
DA:91,0
LF:27
LH:0
BRDA:28,0,0,0
BRDA:28,0,1,0
BRDA:28,1,0,0
BRDA:28,1,1,0
BRDA:56,2,0,0
BRDA:56,2,1,0
BRDA:58,3,0,0
BRDA:58,3,1,0
BRDA:62,4,0,0
BRDA:62,4,1,0
BRDA:83,5,0,0
BRDA:83,5,1,0
BRDA:83,6,0,0
BRDA:83,6,1,0
BRF:14
BRH:0
end_of_record
TN:
SF:src\controllers\auth\PasswordController.ts
FN:14,(anonymous_0)
FN:24,(anonymous_1)
FN:50,(anonymous_2)
FN:76,(anonymous_3)
FNF:4
FNH:0
FNDA:0,(anonymous_0)
FNDA:0,(anonymous_1)
FNDA:0,(anonymous_2)
FNDA:0,(anonymous_3)
DA:2,0
DA:4,0
DA:5,0
DA:13,0
DA:14,0
DA:15,0
DA:24,0
DA:25,0
DA:26,0
DA:28,0
DA:29,0
DA:33,0
DA:34,0
DA:38,0
DA:41,0
DA:50,0
DA:51,0
DA:54,0
DA:55,0
DA:63,0
DA:76,0
DA:77,0
DA:80,0
DA:81,0
DA:89,0
LF:25
LH:0
BRDA:28,0,0,0
BRDA:28,0,1,0
BRDA:33,1,0,0
BRDA:33,1,1,0
BRDA:33,2,0,0
BRDA:33,2,1,0
BRDA:54,3,0,0
BRDA:54,3,1,0
BRDA:80,4,0,0
BRDA:80,4,1,0
BRDA:80,5,0,0
BRDA:80,5,1,0
BRF:12
BRH:0
end_of_record
TN:
SF:src\controllers\auth\SignupController.ts
FN:13,(anonymous_0)
FN:23,(anonymous_1)
FNF:2
FNH:0
FNDA:0,(anonymous_0)
FNDA:0,(anonymous_1)
DA:2,0
DA:4,0
DA:5,0
DA:12,0
DA:13,0
DA:14,0
DA:23,0
DA:24,0
DA:27,0
DA:28,0
DA:32,0
DA:40,0
LF:12
LH:0
BRDA:27,0,0,0
BRDA:27,0,1,0
BRDA:27,1,0,0
BRDA:27,1,1,0
BRDA:27,1,2,0
BRF:5
BRH:0
end_of_record
TN:
SF:src\controllers\base\BaseController.ts
FN:20,(anonymous_0)
FN:44,(anonymous_1)
FN:67,(anonymous_2)
FN:89,(anonymous_3)
FN:110,(anonymous_4)
FNF:5
FNH:0
FNDA:0,(anonymous_0)
FNDA:0,(anonymous_1)
FNDA:0,(anonymous_2)
FNDA:0,(anonymous_3)
FNDA:0,(anonymous_4)
DA:2,0
DA:11,0
DA:26,0
DA:27,0
DA:32,0
DA:51,0
DA:52,0
DA:57,0
DA:72,0
DA:73,0
DA:74,0
DA:80,0
DA:90,0
DA:91,0
DA:92,0
DA:97,0
DA:118,0
DA:119,0
DA:124,0
LF:19
LH:0
BRDA:24,0,0,0
BRDA:47,1,0,0
BRDA:116,2,0,0
BRF:3
BRH:0
end_of_record
TN:
SF:src\controllers\user\UserAddressController.ts
FN:16,(anonymous_0)
FN:27,(anonymous_1)
FN:50,(anonymous_2)
FNF:3
FNH:0
FNDA:0,(anonymous_0)
FNDA:0,(anonymous_1)
FNDA:0,(anonymous_2)
DA:2,0
DA:3,0
DA:4,0
DA:7,0
DA:13,0
DA:16,0
DA:17,0
DA:18,0
DA:27,0
DA:28,0
DA:30,0
DA:31,0
DA:35,0
DA:41,0
DA:50,0
DA:51,0
DA:53,0
DA:54,0
DA:67,0
DA:80,0
DA:81,0
DA:88,0
DA:101,0
DA:104,0
LF:24
LH:0
BRDA:30,0,0,0
BRDA:30,0,1,0
BRDA:53,1,0,0
BRDA:53,1,1,0
BRDA:80,2,0,0
BRDA:80,2,1,0
BRDA:98,3,0,0
BRDA:98,3,1,0
BRF:8
BRH:0
end_of_record
TN:
SF:src\controllers\user\UserProfileController.ts
FN:16,(anonymous_0)
FN:27,(anonymous_1)
FN:60,(anonymous_2)
FN:100,(anonymous_3)
FNF:4
FNH:0
FNDA:0,(anonymous_0)
FNDA:0,(anonymous_1)
FNDA:0,(anonymous_2)
FNDA:0,(anonymous_3)
DA:2,0
DA:3,0
DA:4,0
DA:7,0
DA:13,0
DA:16,0
DA:17,0
DA:18,0
DA:27,0
DA:28,0
DA:30,0
DA:31,0
DA:35,0
DA:37,0
DA:38,0
DA:42,0
DA:60,0
DA:61,0
DA:63,0
DA:64,0
DA:67,0
DA:70,0
DA:77,0
DA:79,0
DA:80,0
DA:84,0
DA:100,0
DA:101,0
DA:103,0
DA:104,0
DA:108,0
DA:111,0
LF:32
LH:0
BRDA:30,0,0,0
BRDA:30,0,1,0
BRDA:37,1,0,0
BRDA:37,1,1,0
BRDA:63,2,0,0
BRDA:63,2,1,0
BRDA:79,3,0,0
BRDA:79,3,1,0
BRDA:103,4,0,0
BRDA:103,4,1,0
BRF:10
BRH:0
end_of_record
TN:
SF:src\entities\address.entity.ts
FN:6,(anonymous_2)
FN:36,(anonymous_3)
FN:36,(anonymous_4)
FN:43,(anonymous_5)
FN:43,(anonymous_6)
FNF:5
FNH:1
FNDA:23,(anonymous_2)
FNDA:0,(anonymous_3)
FNDA:0,(anonymous_4)
FNDA:0,(anonymous_5)
FNDA:0,(anonymous_6)
DA:2,23
DA:3,23
DA:4,23
DA:6,23
DA:7,23
DA:8,23
DA:9,23
DA:10,23
DA:11,23
DA:12,23
DA:13,23
DA:17,23
DA:19,23
DA:22,23
DA:25,23
DA:28,23
DA:31,23
DA:34,23
DA:36,0
DA:38,23
DA:41,23
DA:43,0
DA:44,23
DA:47,23
DA:50,23
LF:25
LH:23
BRDA:6,0,0,23
BRDA:6,0,1,23
BRF:2
BRH:2
end_of_record
TN:
SF:src\entities\banner.entity.ts
FN:8,(anonymous_2)
FN:15,(anonymous_3)
FN:21,(anonymous_4)
FN:58,(anonymous_5)
FN:66,(anonymous_6)
FN:70,(anonymous_7)
FN:74,(anonymous_8)
FN:81,(anonymous_9)
FNF:8
FNH:3
FNDA:23,(anonymous_2)
FNDA:23,(anonymous_3)
FNDA:23,(anonymous_4)
FNDA:0,(anonymous_5)
FNDA:0,(anonymous_6)
FNDA:0,(anonymous_7)
FNDA:0,(anonymous_8)
FNDA:0,(anonymous_9)
DA:1,23
DA:2,23
DA:3,23
DA:4,23
DA:5,23
DA:6,23
DA:8,23
DA:9,23
DA:10,23
DA:11,23
DA:12,23
DA:15,23
DA:16,23
DA:17,23
DA:18,23
DA:21,23
DA:22,23
DA:23,23
DA:24,23
DA:25,23
DA:26,23
DA:30,23
DA:32,23
DA:35,23
DA:38,23
DA:41,23
DA:44,23
DA:47,23
DA:50,23
DA:53,23
DA:56,23
DA:58,0
DA:64,23
DA:66,0
DA:68,23
DA:70,0
DA:72,23
DA:74,0
DA:76,23
DA:79,23
DA:81,0
DA:83,23
DA:86,23
DA:89,23
DA:92,23
LF:45
LH:40
BRDA:8,0,0,23
BRDA:8,0,1,23
BRDA:15,1,0,23
BRDA:15,1,1,23
BRDA:21,2,0,23
BRDA:21,2,1,23
BRF:6
BRH:6
end_of_record
TN:
SF:src\entities\brand.entity.ts
FN:12,(anonymous_2)
FN:12,(anonymous_3)
FNF:2
FNH:0
FNDA:0,(anonymous_2)
FNDA:0,(anonymous_3)
DA:1,23
DA:2,23
DA:5,23
DA:7,23
DA:10,23
DA:12,0
DA:13,23
DA:16,23
DA:19,23
LF:9
LH:8
BRF:0
BRH:0
end_of_record
TN:
SF:src\entities\cart.entity.ts
FN:15,(anonymous_2)
FN:15,(anonymous_3)
FNF:2
FNH:0
FNDA:0,(anonymous_2)
FNDA:0,(anonymous_3)
DA:1,17
DA:2,17
DA:5,17
DA:7,17
DA:10,17
DA:13,17
DA:15,0
DA:16,17
LF:8
LH:7
BRF:0
BRH:0
end_of_record
TN:
SF:src\entities\cartItem.entity.ts
FN:11,(anonymous_2)
FN:11,(anonymous_3)
FN:15,(anonymous_4)
FN:35,(anonymous_5)
FNF:4
FNH:0
FNDA:0,(anonymous_2)
FNDA:0,(anonymous_3)
FNDA:0,(anonymous_4)
FNDA:0,(anonymous_5)
DA:1,17
DA:2,17
DA:3,17
DA:4,17
DA:7,17
DA:9,17
DA:11,0
DA:13,17
DA:15,0
DA:17,17
DA:20,17
DA:23,17
DA:26,17
DA:29,17
DA:33,17
DA:35,0
DA:37,17
DA:40,17
LF:18
LH:15
BRF:0
BRH:0
end_of_record
TN:
SF:src\entities\category.entity.ts
FN:23,(anonymous_2)
FN:26,(anonymous_3)
FN:26,(anonymous_4)
FNF:3
FNH:0
FNDA:0,(anonymous_2)
FNDA:0,(anonymous_3)
FNDA:0,(anonymous_4)
DA:1,23
DA:2,23
DA:3,23
DA:7,23
DA:9,23
DA:12,23
DA:15,23
DA:18,23
DA:21,23
DA:23,0
DA:24,23
DA:26,0
DA:27,23
LF:13
LH:11
BRF:0
BRH:0
end_of_record
TN:
SF:src\entities\contact.entity.ts
FNF:0
FNH:0
DA:1,17
DA:4,17
DA:6,17
DA:9,17
DA:12,17
DA:15,17
DA:18,17
DA:21,17
DA:24,17
DA:27,17
LF:10
LH:10
BRF:0
BRH:0
end_of_record
TN:
SF:src\entities\deal.entity.ts
FN:5,(anonymous_2)
FN:24,(anonymous_3)
FN:24,(anonymous_4)
FN:27,(anonymous_5)
FNF:4
FNH:1
FNDA:23,(anonymous_2)
FNDA:0,(anonymous_3)
FNDA:0,(anonymous_4)
FNDA:0,(anonymous_5)
DA:1,23
DA:2,23
DA:3,23
DA:5,23
DA:6,23
DA:7,23
DA:11,23
DA:13,23
DA:16,23
DA:19,23
DA:22,23
DA:24,0
DA:25,23
DA:27,0
DA:29,23
DA:32,23
DA:35,23
DA:38,23
LF:18
LH:16
BRDA:5,0,0,23
BRDA:5,0,1,23
BRF:2
BRH:2
end_of_record
TN:
SF:src\entities\district.entity.ts
FN:13,(anonymous_2)
FN:13,(anonymous_3)
FN:16,(anonymous_4)
FN:16,(anonymous_5)
FNF:4
FNH:0
FNDA:0,(anonymous_2)
FNDA:0,(anonymous_3)
FNDA:0,(anonymous_4)
FNDA:0,(anonymous_5)
DA:1,23
DA:2,23
DA:3,23
DA:6,23
DA:8,23
DA:11,23
DA:13,0
DA:14,23
DA:16,0
DA:17,23
LF:10
LH:8
BRF:0
BRH:0
end_of_record
TN:
SF:src\entities\home.category.ts
FN:10,(anonymous_2)
FN:13,(anonymous_3)
FNF:2
FNH:0
FNDA:0,(anonymous_2)
FNDA:0,(anonymous_3)
DA:1,17
DA:2,17
DA:3,17
DA:6,17
DA:8,17
DA:10,0
DA:11,17
DA:13,0
DA:14,17
DA:17,17
DA:20,17
LF:11
LH:9
BRF:0
BRH:0
end_of_record
TN:
SF:src\entities\homePage.entity.ts
FN:23,(anonymous_2)
FN:31,(anonymous_3)
FN:35,(anonymous_4)
FN:39,(anonymous_5)
FNF:4
FNH:0
FNDA:0,(anonymous_2)
FNDA:0,(anonymous_3)
FNDA:0,(anonymous_4)
FNDA:0,(anonymous_5)
DA:1,17
DA:2,17
DA:3,17
DA:4,17
DA:5,17
DA:6,17
DA:10,17
DA:12,17
DA:15,17
DA:18,17
DA:21,17
DA:23,0
DA:29,17
DA:31,0
DA:33,17
DA:35,0
DA:37,17
DA:39,0
DA:41,17
LF:19
LH:15
BRF:0
BRH:0
end_of_record
TN:
SF:src\entities\notification.entity.ts
FN:14,(anonymous_2)
FN:20,(anonymous_3)
FN:63,(anonymous_4)
FN:71,(anonymous_5)
FN:79,(anonymous_6)
FNF:5
FNH:2
FNDA:17,(anonymous_2)
FNDA:17,(anonymous_3)
FNDA:0,(anonymous_4)
FNDA:0,(anonymous_5)
FNDA:0,(anonymous_6)
DA:1,17
DA:10,17
DA:11,17
DA:12,17
DA:14,17
DA:15,17
DA:16,17
DA:17,17
DA:20,17
DA:21,17
DA:22,17
DA:23,17
DA:27,17
DA:29,17
DA:33,17
DA:37,17
DA:45,17
DA:52,17
DA:56,17
DA:63,0
DA:65,17
DA:68,17
DA:71,0
DA:73,17
DA:76,17
DA:79,0
DA:81,17
DA:84,17
DA:87,17
DA:90,17
LF:30
LH:27
BRDA:14,0,0,17
BRDA:14,0,1,17
BRDA:20,1,0,17
BRDA:20,1,1,17
BRF:4
BRH:4
end_of_record
TN:
SF:src\entities\order.entity.ts
FN:7,(anonymous_2)
FN:17,(anonymous_3)
FN:23,(anonymous_4)
FN:39,(anonymous_5)
FN:39,(anonymous_6)
FN:76,(anonymous_7)
FN:76,(anonymous_8)
FN:89,(anonymous_9)
FN:89,(anonymous_10)
FNF:9
FNH:3
FNDA:23,(anonymous_2)
FNDA:23,(anonymous_3)
FNDA:23,(anonymous_4)
FNDA:0,(anonymous_5)
FNDA:0,(anonymous_6)
FNDA:0,(anonymous_7)
FNDA:0,(anonymous_8)
FNDA:0,(anonymous_9)
FNDA:0,(anonymous_10)
DA:1,23
DA:2,23
DA:3,23
DA:4,23
DA:7,23
DA:8,23
DA:9,23
DA:10,23
DA:11,23
DA:12,23
DA:13,23
DA:14,23
DA:17,23
DA:18,23
DA:19,23
DA:23,23
DA:24,23
DA:25,23
DA:26,23
DA:27,23
DA:28,23
DA:35,23
DA:37,23
DA:39,0
DA:41,23
DA:44,23
DA:47,23
DA:50,23
DA:53,23
DA:61,23
DA:67,23
DA:74,23
DA:76,0
DA:78,23
DA:81,23
DA:84,23
DA:89,0
DA:90,23
DA:93,23
DA:96,23
DA:99,23
DA:102,23
DA:105,23
LF:43
LH:40
BRDA:7,0,0,23
BRDA:7,0,1,23
BRDA:17,1,0,23
BRDA:17,1,1,23
BRDA:23,2,0,23
BRDA:23,2,1,23
BRF:6
BRH:6
end_of_record
TN:
SF:src\entities\orderItems.entity.ts
FN:7,(anonymous_2)
FN:21,(anonymous_3)
FN:21,(anonymous_4)
FN:34,(anonymous_5)
FN:34,(anonymous_6)
FN:41,(anonymous_7)
FN:41,(anonymous_8)
FN:48,(anonymous_9)
FNF:8
FNH:1
FNDA:23,(anonymous_2)
FNDA:0,(anonymous_3)
FNDA:0,(anonymous_4)
FNDA:0,(anonymous_5)
FNDA:0,(anonymous_6)
FNDA:0,(anonymous_7)
FNDA:0,(anonymous_8)
FNDA:0,(anonymous_9)
DA:1,23
DA:2,23
DA:3,23
DA:4,23
DA:5,23
DA:7,23
DA:8,23
DA:9,23
DA:10,23
DA:11,23
DA:12,23
DA:13,23
DA:17,23
DA:19,23
DA:21,0
DA:23,23
DA:26,23
DA:29,23
DA:32,23
DA:34,0
DA:36,23
DA:39,23
DA:41,0
DA:43,23
DA:46,23
DA:48,0
DA:50,23
DA:53,23
DA:56,23
LF:29
LH:25
BRDA:7,0,0,23
BRDA:7,0,1,23
BRF:2
BRH:2
end_of_record
TN:
SF:src\entities\product.entity.ts
FN:45,(anonymous_2)
FN:52,(anonymous_3)
FN:59,(anonymous_4)
FN:66,(anonymous_5)
FN:76,(anonymous_6)
FN:76,(anonymous_7)
FN:79,(anonymous_8)
FN:79,(anonymous_9)
FN:88,(anonymous_10)
FN:88,(anonymous_11)
FN:91,(anonymous_12)
FN:91,(anonymous_13)
FNF:12
FNH:0
FNDA:0,(anonymous_2)
FNDA:0,(anonymous_3)
FNDA:0,(anonymous_4)
FNDA:0,(anonymous_5)
FNDA:0,(anonymous_6)
FNDA:0,(anonymous_7)
FNDA:0,(anonymous_8)
FNDA:0,(anonymous_9)
FNDA:0,(anonymous_10)
FNDA:0,(anonymous_11)
FNDA:0,(anonymous_12)
FNDA:0,(anonymous_13)
DA:1,23
DA:2,23
DA:3,23
DA:4,23
DA:5,23
DA:6,23
DA:7,23
DA:8,23
DA:9,23
DA:10,23
DA:14,23
DA:16,23
DA:20,23
DA:23,23
DA:27,23
DA:30,23
DA:33,23
DA:36,23
DA:39,23
DA:43,23
DA:45,0
DA:47,23
DA:50,23
DA:52,0
DA:54,23
DA:57,23
DA:59,0
DA:61,23
DA:64,23
DA:66,0
DA:68,23
DA:71,23
DA:74,23
DA:76,0
DA:77,23
DA:79,0
DA:80,23
DA:83,23
DA:86,23
DA:88,0
DA:89,23
DA:91,0
DA:92,23
DA:95,23
DA:98,23
LF:45
LH:37
BRF:0
BRH:0
end_of_record
TN:
SF:src\entities\product.enum.ts
FN:4,(anonymous_0)
FN:10,(anonymous_1)
FNF:2
FNH:2
FNDA:23,(anonymous_0)
FNDA:23,(anonymous_1)
DA:4,23
DA:5,23
DA:6,23
DA:7,23
DA:10,23
DA:11,23
DA:12,23
LF:7
LH:7
BRDA:4,0,0,23
BRDA:4,0,1,23
BRDA:10,1,0,23
BRDA:10,1,1,23
BRF:4
BRH:4
end_of_record
TN:
SF:src\entities\promo.entity.ts
FN:3,(anonymous_2)
FNF:1
FNH:1
FNDA:18,(anonymous_2)
DA:1,18
DA:3,18
DA:4,18
DA:5,18
DA:9,18
DA:11,18
DA:14,18
DA:17,18
DA:24,18
DA:27,18
LF:10
LH:10
BRDA:3,0,0,18
BRDA:3,0,1,18
BRF:2
BRH:2
end_of_record
TN:
SF:src\entities\reviews.entity.ts
FN:17,(anonymous_2)
FN:24,(anonymous_3)
FN:24,(anonymous_4)
FNF:3
FNH:0
FNDA:0,(anonymous_2)
FNDA:0,(anonymous_3)
FNDA:0,(anonymous_4)
DA:1,23
DA:2,23
DA:3,23
DA:7,23
DA:9,23
DA:12,23
DA:15,23
DA:17,0
DA:19,23
DA:22,23
DA:24,0
DA:26,23
DA:29,23
DA:32,23
DA:35,23
LF:15
LH:13
BRF:0
BRH:0
end_of_record
TN:
SF:src\entities\session.entity.ts
FN:13,(anonymous_2)
FNF:1
FNH:0
FNDA:0,(anonymous_2)
DA:1,23
DA:2,23
DA:6,23
DA:8,23
DA:11,23
DA:13,0
DA:15,23
DA:18,23
DA:21,23
DA:24,23
DA:27,23
DA:30,23
DA:33,23
LF:13
LH:12
BRF:0
BRH:0
end_of_record
TN:
SF:src\entities\subcategory.entity.ts
FN:20,(anonymous_2)
FN:23,(anonymous_3)
FN:23,(anonymous_4)
FN:26,(anonymous_5)
FN:26,(anonymous_6)
FNF:5
FNH:0
FNDA:0,(anonymous_2)
FNDA:0,(anonymous_3)
FNDA:0,(anonymous_4)
FNDA:0,(anonymous_5)
FNDA:0,(anonymous_6)
DA:3,23
DA:4,23
DA:5,23
DA:6,23
DA:10,23
DA:12,23
DA:15,23
DA:18,23
DA:20,0
DA:21,23
DA:23,0
DA:24,23
DA:26,0
DA:27,23
DA:30,23
DA:33,23
LF:16
LH:13
BRF:0
BRH:0
end_of_record
TN:
SF:src\entities\user.entity.ts
FN:8,(anonymous_2)
FN:14,(anonymous_3)
FN:47,(anonymous_4)
FN:47,(anonymous_5)
FN:49,(anonymous_6)
FN:49,(anonymous_7)
FN:55,(anonymous_8)
FN:55,(anonymous_9)
FN:58,(anonymous_10)
FN:58,(anonymous_11)
FNF:10
FNH:2
FNDA:23,(anonymous_2)
FNDA:23,(anonymous_3)
FNDA:0,(anonymous_4)
FNDA:0,(anonymous_5)
FNDA:0,(anonymous_6)
FNDA:0,(anonymous_7)
FNDA:0,(anonymous_8)
FNDA:0,(anonymous_9)
FNDA:0,(anonymous_10)
FNDA:0,(anonymous_11)
DA:1,23
DA:2,23
DA:3,23
DA:4,23
DA:5,23
DA:8,23
DA:9,23
DA:10,23
DA:11,23
DA:14,23
DA:15,23
DA:16,23
DA:17,23
DA:22,23
DA:24,23
DA:27,23
DA:30,23
DA:34,23
DA:38,23
DA:45,23
DA:47,0
DA:48,23
DA:49,0
DA:50,23
DA:53,23
DA:55,0
DA:56,23
DA:58,0
DA:59,23
DA:62,23
DA:65,23
DA:72,23
DA:75,23
DA:78,23
DA:81,23
DA:84,23
DA:87,23
DA:90,23
DA:93,23
DA:96,23
DA:99,23
DA:102,23
LF:42
LH:38
BRDA:8,0,0,23
BRDA:8,0,1,23
BRDA:14,1,0,23
BRDA:14,1,1,23
BRF:4
BRH:4
end_of_record
TN:
SF:src\entities\variant.entity.ts
FN:40,(anonymous_2)
FN:43,(anonymous_3)
FN:46,(anonymous_4)
FN:46,(anonymous_5)
FNF:4
FNH:0
FNDA:0,(anonymous_2)
FNDA:0,(anonymous_3)
FNDA:0,(anonymous_4)
FNDA:0,(anonymous_5)
DA:1,23
DA:2,23
DA:3,23
DA:6,23
DA:8,23
DA:11,23
DA:14,23
DA:17,23
DA:20,23
DA:23,23
DA:26,23
DA:29,23
DA:32,23
DA:35,23
DA:38,23
DA:40,0
DA:41,23
DA:43,0
DA:44,23
DA:46,0
DA:48,23
LF:21
LH:18
BRF:0
BRH:0
end_of_record
TN:
SF:src\entities\vendor.entity.ts
FN:26,(anonymous_2)
FN:26,(anonymous_3)
FN:88,(anonymous_4)
FN:88,(anonymous_5)
FN:91,(anonymous_6)
FN:91,(anonymous_7)
FNF:6
FNH:0
FNDA:0,(anonymous_2)
FNDA:0,(anonymous_3)
FNDA:0,(anonymous_4)
FNDA:0,(anonymous_5)
FNDA:0,(anonymous_6)
FNDA:0,(anonymous_7)
DA:1,23
DA:2,23
DA:3,23
DA:4,23
DA:7,23
DA:9,23
DA:12,23
DA:15,23
DA:18,23
DA:21,23
DA:24,23
DA:26,0
DA:28,23
DA:31,23
DA:34,23
DA:37,23
DA:40,23
DA:43,23
DA:46,23
DA:50,23
DA:53,23
DA:56,23
DA:59,23
DA:62,23
DA:65,23
DA:68,23
DA:71,23
DA:74,23
DA:77,23
DA:80,23
DA:83,23
DA:86,23
DA:88,0
DA:89,23
DA:91,0
DA:92,23
DA:95,23
DA:98,23
LF:38
LH:35
BRF:0
BRH:0
end_of_record
TN:
SF:src\entities\wishlist.entity.ts
FN:14,(anonymous_2)
FN:18,(anonymous_3)
FN:18,(anonymous_4)
FNF:3
FNH:0
FNDA:0,(anonymous_2)
FNDA:0,(anonymous_3)
FNDA:0,(anonymous_4)
DA:1,17
DA:2,17
DA:4,17
DA:7,17
DA:9,17
DA:12,17
DA:14,0
DA:16,17
DA:18,0
DA:19,17
LF:10
LH:8
BRF:0
BRH:0
end_of_record
TN:
SF:src\entities\wishlistItem.entity.ts
FN:11,(anonymous_2)
FN:11,(anonymous_3)
FN:15,(anonymous_4)
FN:19,(anonymous_5)
FNF:4
FNH:0
FNDA:0,(anonymous_2)
FNDA:0,(anonymous_3)
FNDA:0,(anonymous_4)
FNDA:0,(anonymous_5)
DA:1,17
DA:2,17
DA:3,17
DA:4,17
DA:7,17
DA:9,17
DA:11,0
DA:13,17
DA:15,0
DA:17,17
DA:19,0
DA:21,17
DA:24,17
DA:27,17
DA:30,17
LF:15
LH:12
BRF:0
BRH:0
end_of_record
TN:
SF:src\middlewares\auth.middleware.ts
FN:57,(anonymous_1)
FN:85,(anonymous_2)
FN:142,(anonymous_3)
FN:182,(anonymous_4)
FN:222,(anonymous_5)
FN:243,(anonymous_6)
FN:274,(anonymous_7)
FN:341,(anonymous_8)
FN:358,(anonymous_9)
FN:370,(anonymous_10)
FN:390,(anonymous_11)
FN:398,(anonymous_12)
FN:414,(anonymous_13)
FN:454,(anonymous_14)
FN:458,(anonymous_15)
FN:476,(anonymous_16)
FN:536,(anonymous_17)
FNF:17
FNH:0
FNDA:0,(anonymous_1)
FNDA:0,(anonymous_2)
FNDA:0,(anonymous_3)
FNDA:0,(anonymous_4)
FNDA:0,(anonymous_5)
FNDA:0,(anonymous_6)
FNDA:0,(anonymous_7)
FNDA:0,(anonymous_8)
FNDA:0,(anonymous_9)
FNDA:0,(anonymous_10)
FNDA:0,(anonymous_11)
FNDA:0,(anonymous_12)
FNDA:0,(anonymous_13)
FNDA:0,(anonymous_14)
FNDA:0,(anonymous_15)
FNDA:0,(anonymous_16)
FNDA:0,(anonymous_17)
DA:2,0
DA:3,0
DA:4,0
DA:5,0
DA:6,0
DA:7,0
DA:9,0
DA:11,0
DA:12,0
DA:44,0
DA:45,0
DA:46,0
DA:57,0
DA:62,0
DA:63,0
DA:65,0
DA:66,0
DA:67,0
DA:70,0
DA:71,0
DA:74,0
DA:85,0
DA:90,0
DA:92,0
DA:93,0
DA:94,0
DA:97,0
DA:98,0
DA:103,0
DA:104,0
DA:105,0
DA:106,0
DA:107,0
DA:109,0
DA:110,0
DA:111,0
DA:115,0
DA:116,0
DA:117,0
DA:118,0
DA:119,0
DA:121,0
DA:122,0
DA:123,0
DA:126,0
DA:127,0
DA:129,0
DA:130,0
DA:142,0
DA:143,0
DA:144,0
DA:145,0
DA:148,0
DA:149,0
DA:152,0
DA:154,0
DA:155,0
DA:161,0
DA:162,0
DA:163,0
DA:166,0
DA:167,0
DA:169,0
DA:182,0
DA:183,0
DA:184,0
DA:186,0
DA:187,0
DA:188,0
DA:191,0
DA:197,0
DA:199,0
DA:200,0
DA:203,0
DA:204,0
DA:205,0
DA:208,0
DA:209,0
DA:211,0
DA:212,0
DA:222,0
DA:223,0
DA:225,0
DA:226,0
DA:227,0
DA:230,0
DA:231,0
DA:232,0
DA:235,0
DA:236,0
DA:237,0
DA:240,0
DA:243,0
DA:244,0
DA:246,0
DA:247,0
DA:248,0
DA:251,0
DA:252,0
DA:253,0
DA:254,0
DA:257,0
DA:258,0
DA:260,0
DA:261,0
DA:263,0
DA:274,0
DA:279,0
DA:281,0
DA:283,0
DA:284,0
DA:287,0
DA:288,0
DA:290,0
DA:291,0
DA:294,0
DA:296,0
DA:298,0
DA:299,0
DA:300,0
DA:309,0
DA:310,0
DA:316,0
DA:317,0
DA:318,0
DA:324,0
DA:326,0
DA:329,0
DA:341,0
DA:343,0
DA:345,0
DA:347,0
DA:358,0
DA:359,0
DA:361,0
DA:363,0
DA:370,0
DA:371,0
DA:372,0
DA:374,0
DA:390,0
DA:391,0
DA:392,0
DA:394,0
DA:398,0
DA:399,0
DA:400,0
DA:402,0
DA:405,0
DA:414,0
DA:419,0
DA:420,0
DA:421,0
DA:422,0
DA:425,0
DA:426,0
DA:427,0
DA:430,0
DA:435,0
DA:436,0
DA:454,0
DA:458,0
DA:459,0
DA:460,0
DA:461,0
DA:462,0
DA:464,0
DA:465,0
DA:466,0
DA:467,0
DA:471,0
DA:476,0
DA:477,0
DA:478,0
DA:480,0
DA:482,0
DA:483,0
DA:484,0
DA:487,0
DA:488,0
DA:489,0
DA:492,0
DA:495,0
DA:503,0
DA:504,0
DA:508,0
DA:512,0
DA:514,0
DA:518,0
DA:519,0
DA:523,0
DA:526,0
DA:530,0
DA:536,0
DA:537,0
DA:538,0
DA:539,0
DA:540,0
DA:541,0
DA:544,0
DA:545,0
DA:550,0
DA:551,0
DA:552,0
DA:555,0
DA:556,0
DA:558,0
DA:559,0
DA:561,0
DA:562,0
DA:566,0
DA:569,0
DA:571,0
DA:572,0
LF:214
LH:0
BRDA:65,0,0,0
BRDA:65,0,1,0
BRDA:65,1,0,0
BRDA:65,1,1,0
BRDA:70,2,0,0
BRDA:70,2,1,0
BRDA:70,3,0,0
BRDA:70,3,1,0
BRDA:90,4,0,0
BRDA:90,4,1,0
BRDA:90,4,2,0
BRDA:92,5,0,0
BRDA:92,5,1,0
BRDA:98,6,0,0
BRDA:98,6,1,0
BRDA:103,7,0,0
BRDA:103,7,1,0
BRDA:105,8,0,0
BRDA:105,8,1,0
BRDA:115,9,0,0
BRDA:115,9,1,0
BRDA:117,10,0,0
BRDA:117,10,1,0
BRDA:143,11,0,0
BRDA:143,11,1,0
BRDA:148,12,0,0
BRDA:148,12,1,0
BRDA:155,13,0,0
BRDA:155,13,1,0
BRDA:162,14,0,0
BRDA:162,14,1,0
BRDA:184,15,0,0
BRDA:184,15,1,0
BRDA:186,16,0,0
BRDA:186,16,1,0
BRDA:191,17,0,0
BRDA:191,17,1,0
BRDA:199,18,0,0
BRDA:199,18,1,0
BRDA:203,19,0,0
BRDA:203,19,1,0
BRDA:225,20,0,0
BRDA:225,20,1,0
BRDA:230,21,0,0
BRDA:230,21,1,0
BRDA:235,22,0,0
BRDA:235,22,1,0
BRDA:246,23,0,0
BRDA:246,23,1,0
BRDA:252,24,0,0
BRDA:252,24,1,0
BRDA:260,25,0,0
BRDA:260,25,1,0
BRDA:260,26,0,0
BRDA:260,26,1,0
BRDA:279,27,0,0
BRDA:279,27,1,0
BRDA:281,28,0,0
BRDA:281,28,1,0
BRDA:288,29,0,0
BRDA:288,29,1,0
BRDA:294,30,0,0
BRDA:294,30,1,0
BRDA:298,31,0,0
BRDA:298,31,1,0
BRDA:309,32,0,0
BRDA:309,32,1,0
BRDA:324,33,0,0
BRDA:324,33,1,0
BRDA:324,34,0,0
BRDA:324,34,1,0
BRDA:343,35,0,0
BRDA:343,35,1,0
BRDA:343,36,0,0
BRDA:343,36,1,0
BRDA:359,37,0,0
BRDA:359,37,1,0
BRDA:371,38,0,0
BRDA:371,38,1,0
BRDA:371,39,0,0
BRDA:371,39,1,0
BRDA:371,39,2,0
BRDA:391,40,0,0
BRDA:391,40,1,0
BRDA:391,41,0,0
BRDA:391,41,1,0
BRDA:391,41,2,0
BRDA:391,41,3,0
BRDA:399,42,0,0
BRDA:399,42,1,0
BRDA:400,43,0,0
BRDA:400,43,1,0
BRDA:420,44,0,0
BRDA:420,44,1,0
BRDA:425,45,0,0
BRDA:425,45,1,0
BRDA:456,46,0,0
BRDA:465,47,0,0
BRDA:465,47,1,0
BRDA:482,48,0,0
BRDA:482,48,1,0
BRDA:487,49,0,0
BRDA:487,49,1,0
BRDA:503,50,0,0
BRDA:503,50,1,0
BRDA:518,51,0,0
BRDA:518,51,1,0
BRDA:539,52,0,0
BRDA:539,52,1,0
BRDA:550,53,0,0
BRDA:550,53,1,0
BRDA:559,54,0,0
BRDA:559,54,1,0
BRDA:561,55,0,0
BRDA:561,55,1,0
BRDA:561,56,0,0
BRDA:561,56,1,0
BRF:117
BRH:0
end_of_record
TN:
SF:src\middlewares\auth\authenticate.middleware.ts
FN:33,authenticate
FN:36,(anonymous_1)
FN:129,authenticateUser
FN:136,authenticateVendor
FN:143,authenticateCombined
FNF:5
FNH:0
FNDA:0,authenticate
FNDA:0,(anonymous_1)
FNDA:0,authenticateUser
FNDA:0,authenticateVendor
FNDA:0,authenticateCombined
DA:3,0
DA:4,0
DA:5,0
DA:6,0
DA:7,0
DA:33,0
DA:34,0
DA:36,0
DA:37,0
DA:39,0
DA:41,0
DA:42,0
DA:49,0
DA:50,0
DA:57,0
DA:59,0
DA:60,0
DA:67,0
DA:70,0
DA:71,0
DA:72,0
DA:74,0
DA:75,0
DA:78,0
DA:79,0
DA:81,0
DA:83,0
DA:90,0
DA:91,0
DA:92,0
DA:94,0
DA:95,0
DA:98,0
DA:99,0
DA:101,0
DA:103,0
DA:111,0
DA:112,0
DA:118,0
DA:121,0
DA:129,0
DA:130,0
DA:136,0
DA:137,0
DA:143,0
DA:144,0
LF:46
LH:0
BRDA:41,0,0,0
BRDA:41,0,1,0
BRDA:49,1,0,0
BRDA:49,1,1,0
BRDA:59,2,0,0
BRDA:59,2,1,0
BRDA:70,3,0,0
BRDA:70,3,1,0
BRDA:70,4,0,0
BRDA:70,4,1,0
BRDA:74,5,0,0
BRDA:74,5,1,0
BRDA:78,6,0,0
BRDA:78,6,1,0
BRDA:81,7,0,0
BRDA:81,7,1,0
BRDA:90,8,0,0
BRDA:90,8,1,0
BRDA:90,9,0,0
BRDA:90,9,1,0
BRDA:94,10,0,0
BRDA:94,10,1,0
BRDA:98,11,0,0
BRDA:98,11,1,0
BRDA:101,12,0,0
BRDA:101,12,1,0
BRDA:111,13,0,0
BRDA:111,13,1,0
BRDA:111,14,0,0
BRDA:111,14,1,0
BRDA:111,14,2,0
BRF:31
BRH:0
end_of_record
TN:
SF:src\middlewares\auth\authorize.middleware.ts
FN:21,authorize
FN:22,(anonymous_1)
FN:55,requireAdmin
FN:62,requireStaff
FN:69,requireUser
FNF:5
FNH:0
FNDA:0,authorize
FNDA:0,(anonymous_1)
FNDA:0,requireAdmin
FNDA:0,requireStaff
FNDA:0,requireUser
DA:2,0
DA:3,0
DA:4,0
DA:21,0
DA:22,0
DA:23,0
DA:25,0
DA:26,0
DA:33,0
DA:36,0
DA:37,0
DA:44,0
DA:47,0
DA:55,0
DA:56,0
DA:62,0
DA:63,0
DA:69,0
DA:70,0
LF:19
LH:0
BRDA:25,0,0,0
BRDA:25,0,1,0
BRDA:36,1,0,0
BRDA:36,1,1,0
BRF:4
BRH:0
end_of_record
TN:
SF:src\middlewares\auth\rateLimiter.middleware.ts
FN:24,initializeRateLimiters
FN:60,getClientIdentifier
FN:76,handleRateLimitExceeded
FN:107,authRateLimiterMiddleware
FN:164,apiRateLimiterMiddleware
FN:218,resetRateLimit
FNF:6
FNH:0
FNDA:0,initializeRateLimiters
FNDA:0,getClientIdentifier
FNDA:0,handleRateLimitExceeded
FNDA:0,authRateLimiterMiddleware
FNDA:0,apiRateLimiterMiddleware
FNDA:0,resetRateLimit
DA:2,0
DA:3,0
DA:4,0
DA:5,0
DA:6,0
DA:12,0
DA:18,0
DA:24,0
DA:25,0
DA:27,0
DA:28,0
DA:29,0
DA:32,0
DA:34,0
DA:43,0
DA:50,0
DA:52,0
DA:62,0
DA:63,0
DA:64,0
DA:65,0
DA:69,0
DA:81,0
DA:83,0
DA:89,0
DA:95,0
DA:97,0
DA:107,0
DA:113,0
DA:114,0
DA:115,0
DA:118,0
DA:120,0
DA:121,0
DA:124,0
DA:125,0
DA:126,0
DA:131,0
DA:133,0
DA:135,0
DA:136,0
DA:139,0
DA:140,0
DA:141,0
DA:142,0
DA:147,0
DA:151,0
DA:153,0
DA:164,0
DA:170,0
DA:171,0
DA:172,0
DA:175,0
DA:177,0
DA:178,0
DA:181,0
DA:182,0
DA:183,0
DA:188,0
DA:190,0
DA:192,0
DA:193,0
DA:196,0
DA:197,0
DA:198,0
DA:199,0
DA:204,0
DA:208,0
DA:210,0
DA:218,0
DA:222,0
DA:224,0
DA:225,0
DA:226,0
DA:229,0
DA:230,0
DA:231,0
DA:233,0
LF:78
LH:0
BRDA:27,0,0,0
BRDA:27,0,1,0
BRDA:27,1,0,0
BRDA:27,1,1,0
BRDA:63,2,0,0
BRDA:63,2,1,0
BRDA:64,3,0,0
BRDA:64,3,1,0
BRDA:69,4,0,0
BRDA:69,4,1,0
BRDA:69,4,2,0
BRDA:91,5,0,0
BRDA:91,5,1,0
BRDA:113,6,0,0
BRDA:113,6,1,0
BRDA:113,7,0,0
BRDA:113,7,1,0
BRDA:133,8,0,0
BRDA:133,8,1,0
BRDA:133,9,0,0
BRDA:133,9,1,0
BRDA:170,10,0,0
BRDA:170,10,1,0
BRDA:170,11,0,0
BRDA:170,11,1,0
BRDA:190,12,0,0
BRDA:190,12,1,0
BRDA:190,13,0,0
BRDA:190,13,1,0
BRDA:220,14,0,0
BRDA:222,15,0,0
BRDA:222,15,1,0
BRDA:224,16,0,0
BRDA:224,16,1,0
BRF:34
BRH:0
end_of_record
TN:
SF:src\middlewares\error\errorHandler.middleware.ts
FN:20,(anonymous_9)
FN:80,(anonymous_10)
FN:247,(anonymous_11)
FNF:3
FNH:0
FNDA:0,(anonymous_9)
FNDA:0,(anonymous_10)
FNDA:0,(anonymous_11)
DA:2,0
DA:3,0
DA:4,0
DA:5,0
DA:6,0
DA:7,0
DA:20,0
DA:27,0
DA:30,0
DA:33,0
DA:34,0
DA:45,0
DA:46,0
DA:55,0
DA:56,0
DA:64,0
DA:74,0
DA:75,0
DA:79,0
DA:80,0
DA:86,0
DA:93,0
DA:100,0
DA:101,0
DA:105,0
DA:106,0
DA:113,0
DA:117,0
DA:125,0
DA:126,0
DA:133,0
DA:134,0
DA:138,0
DA:139,0
DA:146,0
DA:153,0
DA:154,0
DA:157,0
DA:158,0
DA:165,0
DA:171,0
DA:172,0
DA:176,0
DA:177,0
DA:178,0
DA:180,0
DA:181,0
DA:182,0
DA:183,0
DA:184,0
DA:185,0
DA:186,0
DA:189,0
DA:196,0
DA:204,0
DA:205,0
DA:209,0
DA:220,0
DA:221,0
DA:230,0
DA:240,0
DA:247,0
DA:252,0
DA:257,0
LF:64
LH:0
BRDA:27,0,0,0
BRDA:27,0,1,0
BRDA:33,1,0,0
BRDA:33,1,1,0
BRDA:40,2,0,0
BRDA:40,2,1,0
BRDA:40,3,0,0
BRDA:40,3,1,0
BRDA:45,4,0,0
BRDA:45,4,1,0
BRDA:55,5,0,0
BRDA:55,5,1,0
BRDA:79,6,0,0
BRDA:79,6,1,0
BRDA:105,7,0,0
BRDA:105,7,1,0
BRDA:105,8,0,0
BRDA:105,8,1,0
BRDA:113,9,0,0
BRDA:113,9,1,0
BRDA:120,10,0,0
BRDA:120,10,1,0
BRDA:125,11,0,0
BRDA:125,11,1,0
BRDA:138,12,0,0
BRDA:138,12,1,0
BRDA:157,13,0,0
BRDA:157,13,1,0
BRDA:176,14,0,0
BRDA:176,14,1,0
BRDA:180,15,0,0
BRDA:180,15,1,0
BRDA:183,16,0,0
BRDA:183,16,1,0
BRDA:185,17,0,0
BRDA:185,17,1,0
BRDA:220,18,0,0
BRDA:220,18,1,0
BRDA:231,19,0,0
BRDA:231,19,1,0
BRDA:233,20,0,0
BRDA:233,20,1,0
BRDA:236,21,0,0
BRDA:236,21,1,0
BRDA:236,22,0,0
BRDA:236,22,1,0
BRDA:240,23,0,0
BRDA:240,23,1,0
BRF:48
BRH:0
end_of_record
TN:
SF:src\middlewares\logging\requestLogger.middleware.ts
FN:7,getLogger
FN:34,getUserId
FN:51,getUserRole
FN:67,getClientIp
FN:92,requestLogger
FN:126,(anonymous_5)
FN:166,detailedRequestLogger
FN:198,(anonymous_7)
FN:231,sanitizeBody
FN:264,sanitizeHeaders
FN:289,slowRequestLogger
FN:290,(anonymous_11)
FN:295,(anonymous_12)
FN:321,errorRequestLogger
FN:347,initializeRequestLogging
FNF:15
FNH:0
FNDA:0,getLogger
FNDA:0,getUserId
FNDA:0,getUserRole
FNDA:0,getClientIp
FNDA:0,requestLogger
FNDA:0,(anonymous_5)
FNDA:0,detailedRequestLogger
FNDA:0,(anonymous_7)
FNDA:0,sanitizeBody
FNDA:0,sanitizeHeaders
FNDA:0,slowRequestLogger
FNDA:0,(anonymous_11)
FNDA:0,(anonymous_12)
FNDA:0,errorRequestLogger
FNDA:0,initializeRequestLogging
DA:2,0
DA:3,0
DA:6,0
DA:8,0
DA:9,0
DA:10,0
DA:11,0
DA:13,0
DA:16,0
DA:36,0
DA:37,0
DA:41,0
DA:42,0
DA:45,0
DA:52,0
DA:53,0
DA:56,0
DA:57,0
DA:60,0
DA:68,0
DA:70,0
DA:71,0
DA:72,0
DA:75,0
DA:92,0
DA:98,0
DA:99,0
DA:100,0
DA:103,0
DA:106,0
DA:107,0
DA:108,0
DA:109,0
DA:112,0
DA:123,0
DA:126,0
DA:128,0
DA:129,0
DA:132,0
DA:133,0
DA:134,0
DA:135,0
DA:136,0
DA:140,0
DA:153,0
DA:156,0
DA:166,0
DA:171,0
DA:172,0
DA:173,0
DA:175,0
DA:177,0
DA:178,0
DA:179,0
DA:180,0
DA:183,0
DA:196,0
DA:198,0
DA:199,0
DA:200,0
DA:202,0
DA:203,0
DA:204,0
DA:205,0
DA:206,0
DA:209,0
DA:221,0
DA:224,0
DA:232,0
DA:233,0
DA:236,0
DA:250,0
DA:252,0
DA:253,0
DA:254,0
DA:258,0
DA:265,0
DA:267,0
DA:274,0
DA:275,0
DA:276,0
DA:280,0
DA:289,0
DA:290,0
DA:291,0
DA:293,0
DA:295,0
DA:296,0
DA:298,0
DA:299,0
DA:310,0
DA:313,0
DA:321,0
DA:327,0
DA:340,0
DA:347,0
DA:352,0
DA:353,0
LF:98
LH:0
BRDA:8,0,0,0
BRDA:8,0,1,0
BRDA:36,1,0,0
BRDA:36,1,1,0
BRDA:36,2,0,0
BRDA:36,2,1,0
BRDA:36,2,2,0
BRDA:41,3,0,0
BRDA:41,3,1,0
BRDA:41,4,0,0
BRDA:41,4,1,0
BRDA:52,5,0,0
BRDA:52,5,1,0
BRDA:52,6,0,0
BRDA:52,6,1,0
BRDA:52,6,2,0
BRDA:56,7,0,0
BRDA:56,7,1,0
BRDA:70,8,0,0
BRDA:70,8,1,0
BRDA:71,9,0,0
BRDA:71,9,1,0
BRDA:75,10,0,0
BRDA:75,10,1,0
BRDA:75,10,2,0
BRDA:109,11,0,0
BRDA:109,11,1,0
BRDA:128,12,0,0
BRDA:128,12,1,0
BRDA:133,13,0,0
BRDA:133,13,1,0
BRDA:135,14,0,0
BRDA:135,14,1,0
BRDA:180,15,0,0
BRDA:180,15,1,0
BRDA:199,16,0,0
BRDA:199,16,1,0
BRDA:203,17,0,0
BRDA:203,17,1,0
BRDA:205,18,0,0
BRDA:205,18,1,0
BRDA:232,19,0,0
BRDA:232,19,1,0
BRDA:232,20,0,0
BRDA:232,20,1,0
BRDA:253,21,0,0
BRDA:253,21,1,0
BRDA:275,22,0,0
BRDA:275,22,1,0
BRDA:289,23,0,0
BRDA:296,24,0,0
BRDA:296,24,1,0
BRDA:298,25,0,0
BRDA:298,25,1,0
BRF:54
BRH:0
end_of_record
TN:
SF:src\middlewares\security\csrf.middleware.ts
FN:48,getCsrfToken
FN:79,conditionalCsrfProtection
FN:102,csrfErrorHandler
FN:135,initializeCsrfProtection
FN:154,protectRoute
FNF:5
FNH:0
FNDA:0,getCsrfToken
FNDA:0,conditionalCsrfProtection
FNDA:0,csrfErrorHandler
FNDA:0,initializeCsrfProtection
FNDA:0,protectRoute
DA:2,0
DA:3,0
DA:4,0
DA:10,0
DA:23,0
DA:36,0
DA:48,0
DA:49,0
DA:51,0
DA:53,0
DA:61,0
DA:62,0
DA:79,0
DA:85,0
DA:87,0
DA:88,0
DA:92,0
DA:102,0
DA:108,0
DA:109,0
DA:115,0
DA:122,0
DA:126,0
DA:135,0
DA:139,0
DA:141,0
DA:154,0
DA:159,0
LF:28
LH:0
BRDA:87,0,0,0
BRDA:87,0,1,0
BRDA:108,1,0,0
BRDA:108,1,1,0
BRF:4
BRH:0
end_of_record
TN:
SF:src\middlewares\security\sanitize.middleware.ts
FN:8,getLogger
FN:18,isURL
FN:41,isURLField
FN:49,(anonymous_4)
FN:61,sanitizeString
FN:83,sanitizeValue
FN:96,(anonymous_7)
FN:130,sanitizeInput
FN:192,strictSanitizeInput
FN:199,(anonymous_10)
FN:249,trimWhitespace
FN:259,(anonymous_12)
FN:284,sanitize
FN:295,containsMaliciousContent
FN:312,(anonymous_15)
FN:322,sanitizeWithDetection
FN:329,(anonymous_17)
FN:339,(anonymous_18)
FN:343,(anonymous_19)
FNF:19
FNH:0
FNDA:0,getLogger
FNDA:0,isURL
FNDA:0,isURLField
FNDA:0,(anonymous_4)
FNDA:0,sanitizeString
FNDA:0,sanitizeValue
FNDA:0,(anonymous_7)
FNDA:0,sanitizeInput
FNDA:0,strictSanitizeInput
FNDA:0,(anonymous_10)
FNDA:0,trimWhitespace
FNDA:0,(anonymous_12)
FNDA:0,sanitize
FNDA:0,containsMaliciousContent
FNDA:0,(anonymous_15)
FNDA:0,sanitizeWithDetection
FNDA:0,(anonymous_17)
FNDA:0,(anonymous_18)
FNDA:0,(anonymous_19)
DA:4,0
DA:7,0
DA:9,0
DA:10,0
DA:12,0
DA:19,0
DA:22,0
DA:24,0
DA:25,0
DA:28,0
DA:29,0
DA:32,0
DA:35,0
DA:42,0
DA:48,0
DA:49,0
DA:62,0
DA:63,0
DA:67,0
DA:68,0
DA:72,0
DA:85,0
DA:86,0
DA:90,0
DA:91,0
DA:95,0
DA:96,0
DA:100,0
DA:101,0
DA:103,0
DA:104,0
DA:106,0
DA:107,0
DA:111,0
DA:115,0
DA:130,0
DA:135,0
DA:137,0
DA:138,0
DA:143,0
DA:144,0
DA:146,0
DA:147,0
DA:148,0
DA:151,0
DA:152,0
DA:153,0
DA:160,0
DA:161,0
DA:163,0
DA:164,0
DA:165,0
DA:168,0
DA:169,0
DA:170,0
DA:175,0
DA:177,0
DA:180,0
DA:192,0
DA:197,0
DA:199,0
DA:201,0
DA:202,0
DA:205,0
DA:206,0
DA:208,0
DA:209,0
DA:210,0
DA:213,0
DA:214,0
DA:215,0
DA:220,0
DA:221,0
DA:223,0
DA:224,0
DA:225,0
DA:228,0
DA:229,0
DA:230,0
DA:235,0
DA:238,0
DA:239,0
DA:250,0
DA:251,0
DA:254,0
DA:255,0
DA:258,0
DA:259,0
DA:262,0
DA:263,0
DA:265,0
DA:266,0
DA:267,0
DA:271,0
DA:274,0
DA:284,0
DA:285,0
DA:295,0
DA:296,0
DA:297,0
DA:301,0
DA:312,0
DA:322,0
DA:327,0
DA:329,0
DA:330,0
DA:331,0
DA:338,0
DA:339,0
DA:340,0
DA:342,0
DA:343,0
DA:344,0
DA:350,0
DA:351,0
DA:352,0
DA:355,0
DA:357,0
DA:358,0
LF:119
LH:0
BRDA:9,0,0,0
BRDA:9,0,1,0
BRDA:19,1,0,0
BRDA:19,1,1,0
BRDA:24,2,0,0
BRDA:24,2,1,0
BRDA:24,3,0,0
BRDA:24,3,1,0
BRDA:24,3,2,0
BRDA:28,4,0,0
BRDA:28,4,1,0
BRDA:28,5,0,0
BRDA:28,5,1,0
BRDA:62,6,0,0
BRDA:62,6,1,0
BRDA:67,7,0,0
BRDA:67,7,1,0
BRDA:67,8,0,0
BRDA:67,8,1,0
BRDA:67,8,2,0
BRDA:85,9,0,0
BRDA:85,9,1,0
BRDA:85,10,0,0
BRDA:85,10,1,0
BRDA:90,11,0,0
BRDA:90,11,1,0
BRDA:95,12,0,0
BRDA:95,12,1,0
BRDA:100,13,0,0
BRDA:100,13,1,0
BRDA:104,14,0,0
BRDA:104,14,1,0
BRDA:106,15,0,0
BRDA:106,15,1,0
BRDA:137,16,0,0
BRDA:137,16,1,0
BRDA:137,17,0,0
BRDA:137,17,1,0
BRDA:143,18,0,0
BRDA:143,18,1,0
BRDA:143,19,0,0
BRDA:143,19,1,0
BRDA:147,20,0,0
BRDA:147,20,1,0
BRDA:152,21,0,0
BRDA:152,21,1,0
BRDA:160,22,0,0
BRDA:160,22,1,0
BRDA:160,23,0,0
BRDA:160,23,1,0
BRDA:164,24,0,0
BRDA:164,24,1,0
BRDA:169,25,0,0
BRDA:169,25,1,0
BRDA:201,26,0,0
BRDA:201,26,1,0
BRDA:201,27,0,0
BRDA:201,27,1,0
BRDA:205,28,0,0
BRDA:205,28,1,0
BRDA:205,29,0,0
BRDA:205,29,1,0
BRDA:209,30,0,0
BRDA:209,30,1,0
BRDA:214,31,0,0
BRDA:214,31,1,0
BRDA:220,32,0,0
BRDA:220,32,1,0
BRDA:220,33,0,0
BRDA:220,33,1,0
BRDA:224,34,0,0
BRDA:224,34,1,0
BRDA:229,35,0,0
BRDA:229,35,1,0
BRDA:250,36,0,0
BRDA:250,36,1,0
BRDA:250,37,0,0
BRDA:250,37,1,0
BRDA:254,38,0,0
BRDA:254,38,1,0
BRDA:258,39,0,0
BRDA:258,39,1,0
BRDA:262,40,0,0
BRDA:262,40,1,0
BRDA:266,41,0,0
BRDA:266,41,1,0
BRDA:296,42,0,0
BRDA:296,42,1,0
BRDA:329,43,0,0
BRDA:330,44,0,0
BRDA:330,44,1,0
BRDA:330,45,0,0
BRDA:330,45,1,0
BRDA:338,46,0,0
BRDA:338,46,1,0
BRDA:342,47,0,0
BRDA:342,47,1,0
BRDA:342,48,0,0
BRDA:342,48,1,0
BRDA:344,49,0,0
BRDA:344,49,1,0
BRDA:350,50,0,0
BRDA:350,50,1,0
BRDA:351,51,0,0
BRDA:351,51,1,0
BRDA:352,52,0,0
BRDA:352,52,1,0
BRF:107
BRH:0
end_of_record
TN:
SF:src\middlewares\security\securityHeaders.middleware.ts
FN:65,additionalSecurityHeaders
FN:104,apiSecurityHeaders
FN:127,initializeSecurityHeaders
FN:142,developmentSecurityHeaders
FN:165,corsSecurityHeaders
FNF:5
FNH:0
FNDA:0,additionalSecurityHeaders
FNDA:0,apiSecurityHeaders
FNDA:0,initializeSecurityHeaders
FNDA:0,developmentSecurityHeaders
FNDA:0,corsSecurityHeaders
DA:2,0
DA:3,0
DA:9,0
DA:65,0
DA:71,0
DA:74,0
DA:77,0
DA:80,0
DA:83,0
DA:89,0
DA:92,0
DA:95,0
DA:97,0
DA:104,0
DA:110,0
DA:111,0
DA:112,0
DA:113,0
DA:116,0
DA:117,0
DA:118,0
DA:120,0
DA:127,0
DA:130,0
DA:132,0
DA:142,0
DA:147,0
DA:149,0
DA:150,0
DA:151,0
DA:154,0
DA:155,0
DA:158,0
DA:165,0
DA:171,0
DA:174,0
DA:175,0
DA:178,0
LF:38
LH:0
BRDA:147,0,0,0
BRDA:147,0,1,0
BRDA:174,1,0,0
BRDA:174,1,1,0
BRF:4
BRH:0
end_of_record
TN:
SF:src\middlewares\validation\validate.middleware.ts
FN:31,validate
FN:32,(anonymous_1)
FN:69,formatZodErrors
FN:95,validateBody
FN:102,validateQuery
FN:109,validateParams
FNF:6
FNH:0
FNDA:0,validate
FNDA:0,(anonymous_1)
FNDA:0,formatZodErrors
FNDA:0,validateBody
FNDA:0,validateQuery
FNDA:0,validateParams
DA:2,0
DA:3,0
DA:31,0
DA:32,0
DA:33,0
DA:35,0
DA:38,0
DA:42,0
DA:44,0
DA:47,0
DA:49,0
DA:51,0
DA:58,0
DA:70,0
DA:73,0
DA:76,0
DA:77,0
DA:78,0
DA:79,0
DA:85,0
DA:86,0
DA:89,0
DA:95,0
DA:96,0
DA:102,0
DA:103,0
DA:109,0
DA:110,0
LF:28
LH:0
BRDA:31,0,0,0
BRDA:47,1,0,0
BRDA:47,1,1,0
BRDA:76,2,0,0
BRDA:76,2,1,0
BRDA:78,3,0,0
BRDA:78,3,1,0
BRDA:78,4,0,0
BRDA:78,4,1,0
BRDA:85,5,0,0
BRDA:85,5,1,0
BRDA:85,6,0,0
BRDA:85,6,1,0
BRF:13
BRH:0
end_of_record
TN:
SF:src\repositories\OrderRepository.ts
FN:24,(anonymous_0)
FN:31,(anonymous_1)
FN:38,(anonymous_2)
FN:56,(anonymous_3)
FN:64,(anonymous_4)
FN:72,(anonymous_5)
FN:80,(anonymous_6)
FN:88,(anonymous_7)
FN:103,(anonymous_8)
FN:111,(anonymous_9)
FN:124,(anonymous_10)
FN:173,(anonymous_11)
FN:221,(anonymous_12)
FN:258,(anonymous_13)
FN:295,(anonymous_14)
FNF:15
FNH:0
FNDA:0,(anonymous_0)
FNDA:0,(anonymous_1)
FNDA:0,(anonymous_2)
FNDA:0,(anonymous_3)
FNDA:0,(anonymous_4)
FNDA:0,(anonymous_5)
FNDA:0,(anonymous_6)
FNDA:0,(anonymous_7)
FNDA:0,(anonymous_8)
FNDA:0,(anonymous_9)
FNDA:0,(anonymous_10)
FNDA:0,(anonymous_11)
FNDA:0,(anonymous_12)
FNDA:0,(anonymous_13)
FNDA:0,(anonymous_14)
DA:2,1
DA:21,1
DA:24,0
DA:25,0
DA:32,0
DA:39,0
DA:42,0
DA:57,0
DA:58,0
DA:65,0
DA:66,0
DA:73,0
DA:74,0
DA:81,0
DA:82,0
DA:89,0
DA:90,0
DA:92,0
DA:93,0
DA:94,0
DA:97,0
DA:104,0
DA:105,0
DA:112,0
DA:113,0
DA:129,0
DA:132,0
DA:133,0
DA:134,0
DA:135,0
DA:136,0
DA:139,0
DA:142,0
DA:143,0
DA:147,0
DA:148,0
DA:152,0
DA:153,0
DA:154,0
DA:157,0
DA:158,0
DA:159,0
DA:161,0
DA:178,0
DA:181,0
DA:182,0
DA:183,0
DA:184,0
DA:185,0
DA:188,0
DA:191,0
DA:192,0
DA:196,0
DA:197,0
DA:201,0
DA:202,0
DA:203,0
DA:206,0
DA:207,0
DA:208,0
DA:210,0
DA:226,0
DA:229,0
DA:230,0
DA:231,0
DA:232,0
DA:235,0
DA:238,0
DA:239,0
DA:240,0
DA:243,0
DA:244,0
DA:245,0
DA:247,0
DA:263,0
DA:266,0
DA:267,0
DA:268,0
DA:269,0
DA:272,0
DA:275,0
DA:276,0
DA:277,0
DA:280,0
DA:281,0
DA:282,0
DA:284,0
DA:296,0
DA:298,0
LF:89
LH:2
BRDA:32,0,0,0
BRDA:32,0,1,0
BRDA:93,1,0,0
BRDA:93,1,1,0
BRDA:126,2,0,0
BRDA:142,3,0,0
BRDA:142,3,1,0
BRDA:147,4,0,0
BRDA:147,4,1,0
BRDA:152,5,0,0
BRDA:152,5,1,0
BRDA:153,6,0,0
BRDA:153,6,1,0
BRDA:157,7,0,0
BRDA:157,7,1,0
BRDA:158,8,0,0
BRDA:158,8,1,0
BRDA:175,9,0,0
BRDA:191,10,0,0
BRDA:191,10,1,0
BRDA:196,11,0,0
BRDA:196,11,1,0
BRDA:201,12,0,0
BRDA:201,12,1,0
BRDA:202,13,0,0
BRDA:202,13,1,0
BRDA:206,14,0,0
BRDA:206,14,1,0
BRDA:207,15,0,0
BRDA:207,15,1,0
BRDA:223,16,0,0
BRDA:238,17,0,0
BRDA:238,17,1,0
BRDA:239,18,0,0
BRDA:239,18,1,0
BRDA:243,19,0,0
BRDA:243,19,1,0
BRDA:244,20,0,0
BRDA:244,20,1,0
BRDA:260,21,0,0
BRDA:275,22,0,0
BRDA:275,22,1,0
BRDA:276,23,0,0
BRDA:276,23,1,0
BRDA:280,24,0,0
BRDA:280,24,1,0
BRDA:281,25,0,0
BRDA:281,25,1,0
BRF:48
BRH:0
end_of_record
TN:
SF:src\repositories\ProductRepository.ts
FN:28,(anonymous_0)
FN:35,(anonymous_1)
[...]
FNDA:0,(anonymous_4)
FNDA:0,(anonymous_5)
FNDA:0,(anonymous_6)
FNDA:0,(anonymous_7)
FNDA:0,(anonymous_8)
FNDA:0,(anonymous_9)
FNDA:0,(anonymous_10)
DA:2,0
DA:3,0
DA:4,0
DA:5,0
DA:6,0
DA:7,0
DA:8,0
DA:14,0
DA:19,0
DA:20,0
DA:21,0
DA:22,0
DA:30,0
DA:33,0
DA:34,0
DA:35,0
DA:39,0
DA:40,0
DA:41,0
DA:45,0
DA:47,0
DA:65,0
DA:66,0
DA:68,0
DA:85,0
DA:86,0
DA:88,0
DA:89,0
DA:90,0
DA:91,0
DA:93,0
DA:94,0
DA:96,0
DA:97,0
DA:99,0
DA:100,0
DA:101,0
DA:105,0
DA:114,0
DA:115,0
DA:136,0
DA:137,0
DA:159,0
DA:163,0
DA:165,0
DA:167,0
DA:180,0
DA:183,0
DA:184,0
DA:186,0
DA:193,0
DA:196,0
DA:197,0
DA:204,0
DA:207,0
DA:208,0
DA:209,0
DA:210,0
DA:212,0
DA:217,0
DA:218,0
DA:221,0
DA:222,0
DA:225,0
DA:226,0
DA:229,0
DA:232,0
DA:237,0
DA:238,0
DA:241,0
DA:242,0
DA:245,0
DA:246,0
DA:249,0
DA:254,0
DA:255,0
DA:258,0
DA:261,0
DA:262,0
DA:263,0
DA:265,0
DA:266,0
DA:271,0
DA:275,0
DA:282,0
DA:283,0
DA:284,0
DA:285,0
DA:286,0
DA:289,0
DA:290,0
DA:293,0
DA:295,0
DA:296,0
DA:297,0
DA:300,0
DA:301,0
DA:304,0
DA:309,0
DA:316,0
LF:100
LH:0
BRDA:34,0,0,0
BRDA:34,0,1,0
BRDA:40,1,0,0
BRDA:40,1,1,0
BRDA:85,2,0,0
BRDA:85,2,1,0
BRDA:88,3,0,0
BRDA:88,3,1,0
BRDA:90,4,0,0
BRDA:90,4,1,0
BRDA:93,5,0,0
BRDA:93,5,1,0
BRDA:96,6,0,0
BRDA:96,6,1,0
BRDA:99,7,0,0
BRDA:99,7,1,0
BRDA:114,8,0,0
BRDA:114,8,1,0
BRDA:136,9,0,0
BRDA:136,9,1,0
BRDA:203,10,0,0
BRDA:210,11,0,0
BRDA:210,11,1,0
BRDA:217,12,0,0
BRDA:217,12,1,0
BRDA:221,13,0,0
BRDA:221,13,1,0
BRDA:226,14,0,0
BRDA:226,14,1,0
BRDA:227,15,0,0
BRDA:227,15,1,0
BRDA:237,16,0,0
BRDA:237,16,1,0
BRDA:241,17,0,0
BRDA:241,17,1,0
BRDA:241,18,0,0
BRDA:241,18,1,0
BRDA:246,19,0,0
BRDA:246,19,1,0
BRDA:247,20,0,0
BRDA:247,20,1,0
BRDA:261,21,0,0
BRDA:261,21,1,0
BRDA:261,22,0,0
BRDA:261,22,1,0
BRDA:263,23,0,0
BRDA:263,23,1,0
BRDA:283,24,0,0
BRDA:283,24,1,0
BRDA:285,25,0,0
BRDA:285,25,1,0
BRDA:290,26,0,0
BRDA:290,26,1,0
BRDA:291,27,0,0
BRDA:291,27,1,0
BRDA:296,28,0,0
BRDA:296,28,1,0
BRDA:301,29,0,0
BRDA:301,29,1,0
BRDA:302,30,0,0
BRDA:302,30,1,0
BRF:61
BRH:0
end_of_record
TN:
SF:src\services\queue\QueueService.ts
FN:44,(anonymous_1)
FN:83,(anonymous_2)
FN:84,(anonymous_3)
FN:106,(anonymous_4)
FN:107,(anonymous_5)
FN:128,(anonymous_6)
FN:129,(anonymous_7)
FN:151,(anonymous_8)
FN:153,(anonymous_9)
FN:157,(anonymous_10)
FN:165,(anonymous_11)
FN:169,(anonymous_12)
FN:177,(anonymous_13)
FN:181,(anonymous_14)
FN:199,(anonymous_15)
FN:234,(anonymous_16)
FN:269,(anonymous_17)
FN:297,(anonymous_18)
FN:304,(anonymous_19)
FNF:19
FNH:0
FNDA:0,(anonymous_1)
FNDA:0,(anonymous_2)
FNDA:0,(anonymous_3)
FNDA:0,(anonymous_4)
FNDA:0,(anonymous_5)
FNDA:0,(anonymous_6)
FNDA:0,(anonymous_7)
FNDA:0,(anonymous_8)
FNDA:0,(anonymous_9)
FNDA:0,(anonymous_10)
FNDA:0,(anonymous_11)
FNDA:0,(anonymous_12)
FNDA:0,(anonymous_13)
FNDA:0,(anonymous_14)
FNDA:0,(anonymous_15)
FNDA:0,(anonymous_16)
FNDA:0,(anonymous_17)
FNDA:0,(anonymous_18)
FNDA:0,(anonymous_19)
DA:1,0
DA:2,0
DA:3,0
DA:39,0
DA:45,0
DA:47,0
DA:48,0
DA:50,0
DA:51,0
DA:52,0
DA:53,0
DA:57,0
DA:65,0
DA:66,0
DA:67,0
DA:70,0
DA:71,0
DA:72,0
DA:75,0
DA:77,0
DA:84,0
DA:85,0
DA:87,0
DA:90,0
DA:95,0
DA:97,0
DA:98,0
DA:107,0
DA:108,0
DA:110,0
DA:113,0
DA:117,0
DA:119,0
DA:120,0
DA:129,0
DA:130,0
DA:132,0
DA:135,0
DA:140,0
DA:142,0
DA:143,0
DA:153,0
DA:154,0
DA:157,0
DA:158,0
DA:165,0
DA:166,0
DA:169,0
DA:170,0
DA:177,0
DA:178,0
DA:181,0
DA:182,0
DA:200,0
DA:201,0
DA:202,0
DA:205,0
DA:206,0
DA:217,0
DA:219,0
DA:220,0
DA:235,0
DA:236,0
DA:237,0
DA:240,0
DA:241,0
DA:252,0
DA:254,0
DA:255,0
DA:270,0
DA:271,0
DA:272,0
DA:275,0
DA:276,0
DA:287,0
DA:289,0
DA:290,0
DA:298,0
DA:305,0
DA:306,0
DA:307,0
DA:308,0
LF:82
LH:0
BRDA:47,0,0,0
BRDA:47,0,1,0
BRDA:200,1,0,0
BRDA:200,1,1,0
BRDA:235,2,0,0
BRDA:235,2,1,0
BRDA:270,3,0,0
BRDA:270,3,1,0
BRDA:305,4,0,0
BRDA:305,4,1,0
BRDA:306,5,0,0
BRDA:306,5,1,0
BRDA:307,6,0,0
BRDA:307,6,1,0
BRF:14
BRH:0
end_of_record
TN:
SF:src\services\user\UserService.ts
FN:20,(anonymous_1)
FN:30,(anonymous_2)
FN:52,(anonymous_3)
FN:104,(anonymous_4)
FN:129,(anonymous_5)
FN:145,(anonymous_6)
FN:161,(anonymous_7)
FN:169,(anonymous_8)
FNF:8
FNH:0
FNDA:0,(anonymous_1)
FNDA:0,(anonymous_2)
FNDA:0,(anonymous_3)
FNDA:0,(anonymous_4)
FNDA:0,(anonymous_5)
FNDA:0,(anonymous_6)
FNDA:0,(anonymous_7)
FNDA:0,(anonymous_8)
DA:3,0
DA:4,0
DA:5,0
DA:6,0
DA:7,0
DA:9,0
DA:15,0
DA:20,0
DA:21,0
DA:22,0
DA:23,0
DA:24,0
DA:31,0
DA:36,0
DA:37,0
DA:41,0
DA:42,0
DA:43,0
DA:45,0
DA:53,0
DA:54,0
DA:55,0
DA:59,0
DA:60,0
DA:61,0
DA:62,0
DA:67,0
DA:68,0
DA:69,0
DA:70,0
DA:75,0
DA:76,0
DA:78,0
DA:81,0
DA:85,0
DA:90,0
DA:91,0
DA:94,0
DA:95,0
DA:96,0
DA:98,0
DA:105,0
DA:106,0
DA:107,0
DA:111,0
DA:112,0
DA:113,0
DA:117,0
DA:120,0
DA:123,0
DA:130,0
DA:131,0
DA:132,0
DA:136,0
DA:139,0
DA:146,0
DA:151,0
DA:152,0
DA:155,0
DA:162,0
DA:163,0
DA:170,0
DA:171,0
LF:63
LH:0
BRDA:36,0,0,0
BRDA:36,0,1,0
BRDA:54,1,0,0
BRDA:54,1,1,0
BRDA:59,2,0,0
BRDA:59,2,1,0
BRDA:59,3,0,0
BRDA:59,3,1,0
BRDA:61,4,0,0
BRDA:61,4,1,0
BRDA:67,5,0,0
BRDA:67,5,1,0
BRDA:67,6,0,0
BRDA:67,6,1,0
BRDA:69,7,0,0
BRDA:69,7,1,0
BRDA:75,8,0,0
BRDA:75,8,1,0
BRDA:76,9,0,0
BRDA:76,9,1,0
BRDA:106,10,0,0
BRDA:106,10,1,0
BRDA:112,11,0,0
BRDA:112,11,1,0
BRDA:131,12,0,0
BRDA:131,12,1,0
BRDA:151,13,0,0
BRDA:151,13,1,0
BRF:28
BRH:0
end_of_record
TN:
SF:src\utils\ApiError.utils.ts
FN:16,(anonymous_0)
FNF:1
FNH:0
FNDA:0,(anonymous_0)
DA:15,14
DA:16,0
DA:17,0
DA:18,0
LF:4
LH:1
BRF:0
BRH:0
end_of_record
TN:
SF:src\utils\NotFoundError.ts
FN:11,(anonymous_0)
FNF:1
FNH:0
FNDA:0,(anonymous_0)
DA:6,0
DA:12,0
DA:13,0
LF:3
LH:0
BRF:0
BRH:0
end_of_record
TN:
SF:src\utils\asyncHandler.utils.ts
FN:25,(anonymous_0)
FN:26,(anonymous_1)
FNF:2
FNH:0
FNDA:0,(anonymous_0)
FNDA:0,(anonymous_1)
DA:25,0
DA:26,0
DA:27,0
LF:3
LH:0
BRF:0
BRH:0
end_of_record
TN:
SF:src\utils\cronjob.utils.ts
FN:12,(anonymous_1)
FN:13,(anonymous_2)
FN:14,(anonymous_3)
FN:15,(anonymous_4)
FN:34,(anonymous_5)
FN:35,(anonymous_6)
FN:96,(anonymous_7)
FN:97,(anonymous_8)
FN:131,(anonymous_9)
FN:132,(anonymous_10)
FN:180,(anonymous_11)
FN:234,(anonymous_12)
FN:236,(anonymous_13)
FNF:13
FNH:0
FNDA:0,(anonymous_1)
FNDA:0,(anonymous_2)
FNDA:0,(anonymous_3)
FNDA:0,(anonymous_4)
FNDA:0,(anonymous_5)
FNDA:0,(anonymous_6)
FNDA:0,(anonymous_7)
FNDA:0,(anonymous_8)
FNDA:0,(anonymous_9)
FNDA:0,(anonymous_10)
FNDA:0,(anonymous_11)
FNDA:0,(anonymous_12)
FNDA:0,(anonymous_13)
DA:1,0
DA:2,0
DA:3,0
DA:4,0
DA:5,0
DA:6,0
DA:7,0
DA:8,0
DA:9,0
DA:12,0
DA:13,0
DA:14,0
DA:15,0
DA:34,0
DA:35,0
DA:36,0
DA:37,0
DA:39,0
DA:61,0
DA:62,0
DA:63,0
DA:64,0
DA:65,0
DA:66,0
DA:67,0
DA:69,0
DA:70,0
DA:72,0
DA:76,0
DA:78,0
DA:96,0
DA:97,0
DA:98,0
DA:99,0
DA:100,0
DA:101,0
DA:104,0
DA:113,0
DA:114,0
DA:116,0
DA:117,0
DA:119,0
DA:121,0
DA:125,0
DA:131,0
DA:132,0
DA:133,0
DA:135,0
DA:136,0
DA:137,0
DA:138,0
DA:139,0
DA:143,0
DA:153,0
DA:154,0
DA:156,0
DA:157,0
DA:158,0
DA:161,0
DA:163,0
DA:164,0
DA:166,0
DA:167,0
DA:168,0
DA:170,0
DA:171,0
DA:174,0
DA:179,0
DA:180,0
DA:184,0
DA:185,0
DA:186,0
DA:192,0
DA:194,0
DA:198,0
DA:199,0
DA:202,0
DA:203,0
DA:209,0
DA:212,0
DA:216,0
DA:217,0
DA:218,0
DA:219,0
DA:221,0
DA:224,0
DA:226,0
DA:234,0
DA:236,0
DA:237,0
DA:238,0
DA:239,0
DA:240,0
DA:245,0
DA:248,0
LF:95
LH:0
BRDA:61,0,0,0
BRDA:61,0,1,0
BRDA:113,1,0,0
BRDA:113,1,1,0
BRDA:156,2,0,0
BRDA:156,2,1,0
BRDA:171,3,0,0
BRDA:171,3,1,0
BRDA:184,4,0,0
BRDA:184,4,1,0
BRDA:198,5,0,0
BRDA:198,5,1,0
BRF:12
BRH:0
end_of_record
TN:
SF:src\utils\emailTemplate.utils.ts
FN:3,(anonymous_0)
FN:58,(anonymous_1)
FNF:2
FNH:0
FNDA:0,(anonymous_0)
FNDA:0,(anonymous_1)
DA:3,3
DA:4,0
DA:58,3
DA:59,0
LF:4
LH:2
BRDA:84,0,0,0
BRDA:84,0,1,0
BRF:2
BRH:0
end_of_record
TN:
SF:src\utils\errorHandler.ts
FN:4,(anonymous_0)
FNF:1
FNH:0
FNDA:0,(anonymous_0)
DA:2,0
DA:4,0
DA:5,0
DA:7,0
DA:8,0
DA:15,0
LF:6
LH:0
BRDA:7,0,0,0
BRDA:7,0,1,0
BRDA:8,1,0,0
BRDA:8,1,1,0
BRDA:10,2,0,0
BRDA:10,2,1,0
BRDA:15,3,0,0
BRDA:15,3,1,0
BRDA:17,4,0,0
BRDA:17,4,1,0
BRF:10
BRH:0
end_of_record
TN:
SF:src\utils\nodemailer.utils.ts
FN:21,(anonymous_1)
FN:40,(anonymous_2)
FN:77,(anonymous_3)
FN:92,(anonymous_4)
FN:106,(anonymous_5)
FN:107,(anonymous_6)
FN:129,(anonymous_7)
FN:147,(anonymous_8)
FN:254,(anonymous_9)
FN:263,(anonymous_10)
FN:269,(anonymous_11)
FN:285,(anonymous_12)
FN:356,(anonymous_13)
FN:398,(anonymous_14)
FNF:14
FNH:0
FNDA:0,(anonymous_1)
FNDA:0,(anonymous_2)
FNDA:0,(anonymous_3)
FNDA:0,(anonymous_4)
FNDA:0,(anonymous_5)
FNDA:0,(anonymous_6)
FNDA:0,(anonymous_7)
FNDA:0,(anonymous_8)
FNDA:0,(anonymous_9)
FNDA:0,(anonymous_10)
FNDA:0,(anonymous_11)
FNDA:0,(anonymous_12)
FNDA:0,(anonymous_13)
FNDA:0,(anonymous_14)
DA:1,3
DA:2,3
DA:4,3
DA:6,3
DA:9,3
DA:21,3
DA:23,0
DA:31,0
DA:40,3
DA:41,0
DA:42,0
DA:74,0
DA:77,3
DA:92,0
DA:95,0
DA:96,0
DA:97,0
DA:98,0
DA:99,0
DA:101,0
DA:105,0
DA:107,0
DA:108,0
DA:113,0
DA:114,0
DA:115,0
DA:119,0
DA:123,0
DA:129,0
DA:146,0
DA:147,0
DA:151,0
DA:179,0
DA:232,0
DA:254,3
DA:263,0
DA:264,0
DA:265,0
DA:266,0
DA:269,0
DA:274,0
DA:285,0
DA:288,0
DA:298,0
DA:347,0
DA:356,3
DA:362,0
DA:393,0
DA:398,3
LF:49
LH:11
BRDA:48,0,0,0
BRDA:48,0,1,0
BRDA:90,1,0,0
BRDA:97,2,0,0
BRDA:97,2,1,0
BRDA:98,3,0,0
BRDA:98,3,1,0
BRDA:114,4,0,0
BRDA:114,4,1,0
BRDA:114,5,0,0
BRDA:114,5,1,0
BRDA:115,6,0,0
BRDA:115,6,1,0
BRDA:126,7,0,0
BRDA:126,7,1,0
BRDA:127,8,0,0
BRDA:127,8,1,0
BRDA:260,9,0,0
BRDA:265,10,0,0
BRDA:265,10,1,0
BRDA:277,11,0,0
BRDA:277,11,1,0
BRDA:311,12,0,0
BRDA:311,12,1,0
BRDA:313,13,0,0
BRDA:313,13,1,0
BRDA:360,14,0,0
BRF:27
BRH:0
end_of_record
TN:
SF:src\utils\errors\ApiError.ts
FN:22,(anonymous_0)
FN:44,(anonymous_1)
FN:51,(anonymous_2)
FN:58,(anonymous_3)
FN:65,(anonymous_4)
FN:72,(anonymous_5)
FN:79,(anonymous_6)
FN:86,(anonymous_7)
FN:98,(anonymous_8)
FN:111,(anonymous_9)
FNF:10
FNH:0
FNDA:0,(anonymous_0)
FNDA:0,(anonymous_1)
FNDA:0,(anonymous_2)
FNDA:0,(anonymous_3)
FNDA:0,(anonymous_4)
FNDA:0,(anonymous_5)
FNDA:0,(anonymous_6)
FNDA:0,(anonymous_7)
FNDA:0,(anonymous_8)
FNDA:0,(anonymous_9)
DA:1,2
DA:7,2
DA:29,0
DA:31,0
DA:32,0
DA:33,0
DA:34,0
DA:35,0
DA:38,0
DA:45,0
DA:52,0
DA:59,0
DA:66,0
DA:73,0
DA:80,0
DA:87,0
DA:99,0
DA:112,0
DA:113,0
LF:19
LH:2
BRDA:27,0,0,0
BRDA:45,1,0,0
BRDA:45,1,1,0
BRDA:51,2,0,0
BRDA:52,3,0,0
BRDA:52,3,1,0
BRDA:58,4,0,0
BRDA:59,5,0,0
BRDA:59,5,1,0
BRDA:65,6,0,0
BRDA:66,7,0,0
BRDA:66,7,1,0
BRDA:73,8,0,0
BRDA:73,8,1,0
BRDA:86,9,0,0
BRDA:91,10,0,0
BRDA:91,10,1,0
BRDA:98,11,0,0
BRDA:102,12,0,0
BRDA:102,12,1,0
BRDA:113,13,0,0
BRDA:113,13,1,0
BRF:22
BRH:0
end_of_record
TN:
SF:src\utils\errors\ErrorCodes.ts
FN:5,(anonymous_0)
FN:64,getStatusCodeForErrorCode
FNF:2
FNH:1
FNDA:2,(anonymous_0)
FNDA:0,getStatusCodeForErrorCode
DA:5,2
DA:7,2
DA:8,2
DA:11,2
DA:12,2
DA:13,2
DA:14,2
DA:15,2
DA:18,2
DA:19,2
DA:20,2
DA:23,2
DA:24,2
DA:25,2
DA:26,2
DA:29,2
DA:30,2
DA:31,2
DA:34,2
DA:35,2
DA:36,2
DA:37,2
DA:40,2
DA:41,2
DA:42,2
DA:43,2
DA:44,2
DA:47,2
DA:48,2
DA:51,2
DA:52,2
DA:53,2
DA:56,2
DA:57,2
DA:58,2
DA:64,2
DA:65,0
DA:115,0
LF:38
LH:36
BRDA:5,0,0,2
BRDA:5,0,1,2
BRDA:115,1,0,0
BRDA:115,1,1,0
BRF:4
BRH:2
end_of_record
TN:
SF:src\utils\errors\index.ts
FN:6,(anonymous_0)
FN:7,(anonymous_1)
FN:7,(anonymous_2)
FNF:3
FNH:0
FNDA:0,(anonymous_0)
FNDA:0,(anonymous_1)
FNDA:0,(anonymous_2)
DA:6,0
DA:7,0
LF:2
LH:0
BRF:0
BRH:0
end_of_record
TN:
SF:src\utils\helpers\PaginationHelper.ts
FN:38,(anonymous_0)
FN:90,(anonymous_1)
FN:128,(anonymous_2)
FN:140,(anonymous_3)
FNF:4
FNH:0
FNDA:0,(anonymous_0)
FNDA:0,(anonymous_1)
FNDA:0,(anonymous_2)
FNDA:0,(anonymous_3)
DA:1,3
DA:20,3
DA:24,3
DA:25,3
DA:26,3
DA:40,0
DA:41,0
DA:42,0
DA:46,0
DA:47,0
DA:48,0
DA:52,0
DA:53,0
DA:57,0
DA:58,0
DA:60,0
DA:95,0
DA:98,0
DA:101,0
DA:102,0
DA:104,0
DA:129,0
DA:141,0
DA:142,0
DA:145,0
DA:146,0
DA:149,0
DA:150,0
LF:28
LH:5
BRDA:41,0,0,0
BRDA:41,0,1,0
BRDA:41,1,0,0
BRDA:41,1,1,0
BRDA:47,2,0,0
BRDA:47,2,1,0
BRDA:47,3,0,0
BRDA:47,3,1,0
BRDA:52,4,0,0
BRDA:52,4,1,0
BRDA:57,5,0,0
BRDA:57,5,1,0
BRDA:58,6,0,0
BRDA:58,6,1,0
BRDA:141,7,0,0
BRDA:141,7,1,0
BRDA:145,8,0,0
BRDA:145,8,1,0
BRDA:149,9,0,0
BRDA:149,9,1,0
BRF:20
BRH:0
end_of_record
TN:
SF:src\utils\helpers\ResponseBuilder.ts
FN:23,(anonymous_0)
FN:52,(anonymous_1)
FN:98,(anonymous_2)
FN:125,(anonymous_3)
FN:142,(anonymous_4)
FN:158,(anonymous_5)
FNF:6
FNH:0
FNDA:0,(anonymous_0)
FNDA:0,(anonymous_1)
FNDA:0,(anonymous_2)
FNDA:0,(anonymous_3)
FNDA:0,(anonymous_4)
FNDA:0,(anonymous_5)
DA:9,3
DA:28,0
DA:59,0
DA:60,0
DA:61,0
DA:63,0
DA:72,0
DA:104,0
DA:126,0
DA:143,0
DA:163,0
LF:11
LH:1
BRDA:126,0,0,0
BRDA:126,0,1,0
BRDA:146,1,0,0
BRDA:146,1,1,0
BRF:4
BRH:0
end_of_record
TN:
SF:src\utils\helpers\asyncHandler.ts
FN:37,(anonymous_0)
FN:38,(anonymous_1)
FNF:2
FNH:0
FNDA:0,(anonymous_0)
FNDA:0,(anonymous_1)
DA:37,0
DA:38,0
DA:39,0
LF:3
LH:0
BRF:0
BRH:0
end_of_record
TN:
SF:src\utils\helpers\index.ts
FN:6,(anonymous_0)
FN:7,(anonymous_1)
FNF:2
FNH:0
FNDA:0,(anonymous_0)
FNDA:0,(anonymous_1)
DA:6,0
DA:7,0
LF:2
LH:0
BRF:0
BRH:0
end_of_record
TN:
SF:src\utils\validation\PasswordValidator.ts
FN:47,(anonymous_0)
FN:92,(anonymous_1)
FN:104,(anonymous_2)
FN:149,(anonymous_3)
FNF:4
FNH:0
FNDA:0,(anonymous_0)
FNDA:0,(anonymous_1)
FNDA:0,(anonymous_2)
FNDA:0,(anonymous_3)
DA:5,0
DA:9,0
DA:14,0
DA:25,0
DA:48,0
DA:51,0
DA:52,0
DA:56,0
DA:57,0
DA:61,0
DA:62,0
DA:66,0
DA:67,0
DA:71,0
DA:72,0
DA:76,0
DA:77,0
DA:80,0
DA:94,0
DA:95,0
DA:105,0
DA:108,0
DA:109,0
DA:111,0
DA:115,0
DA:116,0
DA:117,0
DA:118,0
DA:121,0
DA:122,0
DA:125,0
DA:126,0
DA:130,0
DA:131,0
DA:132,0
DA:136,0
DA:137,0
DA:140,0
DA:150,0
DA:151,0
DA:152,0
DA:153,0
LF:42
LH:0
BRDA:51,0,0,0
BRDA:51,0,1,0
BRDA:56,1,0,0
BRDA:56,1,1,0
BRDA:61,2,0,0
BRDA:61,2,1,0
BRDA:66,3,0,0
BRDA:66,3,1,0
BRDA:71,4,0,0
BRDA:71,4,1,0
BRDA:76,5,0,0
BRDA:76,5,1,0
BRDA:108,6,0,0
BRDA:108,6,1,0
BRDA:115,7,0,0
BRDA:115,7,1,0
BRDA:116,8,0,0
BRDA:116,8,1,0
BRDA:117,9,0,0
BRDA:117,9,1,0
BRDA:118,10,0,0
BRDA:118,10,1,0
BRDA:125,11,0,0
BRDA:125,11,1,0
BRDA:131,12,0,0
BRDA:131,12,1,0
BRDA:136,13,0,0
BRDA:136,13,1,0
BRDA:150,14,0,0
BRDA:150,14,1,0
BRDA:151,15,0,0
BRDA:151,15,1,0
BRDA:152,16,0,0
BRDA:152,16,1,0
BRF:34
BRH:0
end_of_record
TN:
SF:src\utils\validation\schemas\auth.schemas.ts
FN:83,(anonymous_0)
FNF:1
FNH:0
FNDA:0,(anonymous_0)
DA:1,0
DA:2,0
DA:8,0
DA:14,0
DA:20,0
DA:53,0
DA:69,0
DA:83,0
DA:94,0
DA:106,0
DA:125,0
DA:139,0
LF:12
LH:0
BRF:0
BRH:0
end_of_record
TN:
SF:src\utils\validation\schemas\order.schemas.ts
FN:91,(anonymous_0)
FN:107,(anonymous_1)
FN:125,(anonymous_2)
FN:132,(anonymous_3)
FNF:4
FNH:0
FNDA:0,(anonymous_0)
FNDA:0,(anonymous_1)
FNDA:0,(anonymous_2)
FNDA:0,(anonymous_3)
DA:1,0
DA:2,0
DA:7,0
DA:29,0
DA:75,0
DA:91,0
DA:104,0
DA:107,0
DA:120,0
DA:125,0
DA:132,0
DA:156,0
DA:167,0
LF:13
LH:0
BRDA:132,0,0,0
BRDA:132,0,1,0
BRF:2
BRH:0
end_of_record
TN:
SF:src\utils\validation\schemas\product.schemas.ts
FN:89,(anonymous_0)
FN:164,(anonymous_1)
FN:191,(anonymous_2)
FN:198,(anonymous_3)
FNF:4
FNH:0
FNDA:0,(anonymous_0)
FNDA:0,(anonymous_1)
FNDA:0,(anonymous_2)
FNDA:0,(anonymous_3)
DA:1,0
DA:2,0
DA:7,0
DA:35,0
DA:91,0
DA:92,0
DA:95,0
DA:107,0
DA:166,0
DA:167,0
DA:168,0
DA:170,0
DA:171,0
DA:174,0
DA:186,0
DA:191,0
DA:198,0
DA:243,0
LF:18
LH:0
BRDA:91,0,0,0
BRDA:91,0,1,0
BRDA:91,1,0,0
BRDA:91,1,1,0
BRDA:92,2,0,0
BRDA:92,2,1,0
BRDA:95,3,0,0
BRDA:95,3,1,0
BRDA:166,4,0,0
BRDA:166,4,1,0
BRDA:166,5,0,0
BRDA:166,5,1,0
BRDA:167,6,0,0
BRDA:167,6,1,0
BRDA:167,7,0,0
BRDA:167,7,1,0
BRDA:170,8,0,0
BRDA:170,8,1,0
BRDA:170,9,0,0
BRDA:170,9,1,0
BRDA:198,10,0,0
BRDA:198,10,1,0
BRF:22
BRH:0
end_of_record
TN:
SF:src\utils\zod_validations\banner.zod.ts
FN:14,(anonymous_0)
FN:30,(anonymous_1)
FN:82,(anonymous_2)
FN:89,(anonymous_3)
FN:96,(anonymous_4)
FN:108,(anonymous_5)
FN:120,(anonymous_6)
FN:132,(anonymous_7)
FN:144,(anonymous_8)
FNF:9
FNH:0
FNDA:0,(anonymous_0)
FNDA:0,(anonymous_1)
FNDA:0,(anonymous_2)
FNDA:0,(anonymous_3)
FNDA:0,(anonymous_4)
FNDA:0,(anonymous_5)
FNDA:0,(anonymous_6)
FNDA:0,(anonymous_7)
FNDA:0,(anonymous_8)
DA:1,0
DA:2,0
DA:4,0
DA:14,0
DA:30,0
DA:80,0
DA:82,0
DA:89,0
DA:97,0
DA:98,0
DA:100,0
DA:109,0
DA:110,0
DA:112,0
DA:121,0
DA:122,0
DA:124,0
DA:133,0
DA:134,0
DA:136,0
DA:145,0
DA:146,0
DA:148,0
DA:157,0
LF:24
LH:0
BRDA:97,0,0,0
BRDA:97,0,1,0
BRDA:98,1,0,0
BRDA:98,1,1,0
BRDA:109,2,0,0
BRDA:109,2,1,0
BRDA:121,3,0,0
BRDA:121,3,1,0
BRDA:122,4,0,0
BRDA:122,4,1,0
BRDA:133,5,0,0
BRDA:133,5,1,0
BRDA:145,6,0,0
BRDA:145,6,1,0
BRF:14
BRH:0
end_of_record
TN:
SF:src\utils\zod_validations\cart.zod.ts
FNF:0
FNH:0
DA:1,0
DA:3,0
DA:13,0
LF:3
LH:0
BRF:0
BRH:0
end_of_record
TN:
SF:src\utils\zod_validations\category.zod.ts
FNF:0
FNH:0
DA:1,1
DA:6,1
DA:24,1
DA:29,1
LF:4
LH:4
BRF:0
BRH:0
end_of_record
TN:
SF:src\utils\zod_validations\contact.zod.ts
FN:42,(anonymous_0)
FN:50,(anonymous_1)
FNF:2
FNH:0
FNDA:0,(anonymous_0)
FNDA:0,(anonymous_1)
DA:1,0
DA:3,0
DA:37,0
DA:42,0
DA:50,0
LF:5
LH:0
BRDA:42,0,0,0
BRDA:42,0,1,0
BRDA:50,1,0,0
BRDA:50,1,1,0
BRF:4
BRH:0
end_of_record
TN:
SF:src\utils\zod_validations\deal.zod.ts
FN:19,(anonymous_0)
FNF:1
FNH:0
FNDA:0,(anonymous_0)
DA:1,0
DA:2,0
DA:4,0
DA:19,0
DA:23,0
LF:5
LH:0
BRF:0
BRH:0
end_of_record
TN:
SF:src\utils\zod_validations\district.zod.ts
FN:16,(anonymous_0)
FN:17,(anonymous_1)
FNF:2
FNH:0
FNDA:0,(anonymous_0)
FNDA:0,(anonymous_1)
DA:1,0
DA:3,0
DA:8,0
DA:13,0
DA:16,0
DA:17,0
LF:6
LH:0
BRDA:17,0,0,0
BRDA:17,0,1,0
BRF:2
BRH:0
end_of_record
TN:
SF:src\utils\zod_validations\homepage.zod.ts
FN:71,(anonymous_0)
FN:90,(anonymous_1)
FN:102,(anonymous_2)
FN:114,(anonymous_3)
FN:126,(anonymous_4)
FNF:5
FNH:0
FNDA:0,(anonymous_0)
FNDA:0,(anonymous_1)
FNDA:0,(anonymous_2)
FNDA:0,(anonymous_3)
FNDA:0,(anonymous_4)
DA:54,0
DA:55,0
DA:57,0
DA:71,0
DA:88,0
DA:91,0
DA:92,0
DA:94,0
DA:103,0
DA:104,0
DA:106,0
DA:115,0
DA:116,0
DA:118,0
DA:127,0
DA:128,0
DA:130,0
DA:138,0
LF:18
LH:0
BRDA:91,0,0,0
BRDA:91,0,1,0
BRDA:92,1,0,0
BRDA:92,1,1,0
BRDA:103,2,0,0
BRDA:103,2,1,0
BRDA:115,3,0,0
BRDA:115,3,1,0
BRDA:116,4,0,0
BRDA:116,4,1,0
BRDA:127,5,0,0
BRDA:127,5,1,0
BRF:12
BRH:0
end_of_record
TN:
SF:src\utils\zod_validations\notification.zod.ts
FNF:0
FNH:0
DA:1,0
DA:2,0
DA:5,0
DA:30,0
DA:32,0
LF:5
LH:0
BRF:0
BRH:0
end_of_record
TN:
SF:src\utils\zod_validations\order.zod.ts
FNF:0
FNH:0
DA:2,0
DA:7,0
DA:21,0
DA:32,0
DA:43,0
DA:63,0
DA:84,0
LF:7
LH:0
BRF:0
BRH:0
end_of_record
TN:
SF:src\utils\zod_validations\product.zod.ts
FN:5,(anonymous_0)
FN:10,(anonymous_1)
FN:81,(anonymous_2)
FN:97,(anonymous_3)
FN:108,(anonymous_4)
FN:111,(anonymous_5)
FNF:6
FNH:2
FNDA:1,(anonymous_0)
FNDA:1,(anonymous_1)
FNDA:0,(anonymous_2)
FNDA:0,(anonymous_3)
FNDA:0,(anonymous_4)
FNDA:0,(anonymous_5)
DA:2,1
DA:5,1
DA:6,1
DA:7,1
DA:10,1
DA:11,1
DA:12,1
DA:13,1
DA:50,1
DA:80,1
DA:82,0
DA:83,0
DA:87,0
DA:88,0
DA:90,0
DA:98,0
DA:99,0
DA:101,0
DA:110,0
DA:111,0
DA:112,0
DA:118,0
DA:126,1
DA:128,1
LF:24
LH:12
BRDA:5,0,0,1
BRDA:5,0,1,1
BRDA:10,1,0,1
BRDA:10,1,1,1
BRDA:82,2,0,0
BRDA:82,2,1,0
BRDA:83,3,0,0
BRDA:83,3,1,0
BRDA:83,3,2,0
BRDA:83,3,3,0
BRDA:83,3,4,0
BRDA:87,4,0,0
BRDA:87,4,1,0
BRDA:88,5,0,0
BRDA:88,5,1,0
BRDA:88,5,2,0
BRDA:98,6,0,0
BRDA:98,6,1,0
BRDA:98,7,0,0
BRDA:98,7,1,0
BRDA:98,7,2,0
BRDA:110,8,0,0
BRDA:110,8,1,0
BRDA:110,9,0,0
BRDA:110,9,1,0
BRDA:112,10,0,0
BRDA:112,10,1,0
BRDA:112,10,2,0
BRDA:112,10,3,0
BRF:29
BRH:4
end_of_record
TN:
SF:src\utils\zod_validations\promo.zod.ts
FNF:0
FNH:0
DA:1,0
DA:2,0
DA:5,0
DA:21,0
LF:4
LH:0
BRF:0
BRH:0
end_of_record
TN:
SF:src\utils\zod_validations\review.zod.ts
FN:20,(anonymous_0)
FNF:1
FNH:0
FNDA:0,(anonymous_0)
DA:1,0
DA:12,0
DA:20,0
DA:28,0
LF:4
LH:0
BRF:0
BRH:0
end_of_record
TN:
SF:src\utils\zod_validations\subcategory.zod.ts
FNF:0
FNH:0
DA:1,0
DA:9,0
DA:22,0
LF:3
LH:0
BRF:0
BRH:0
end_of_record
TN:
SF:src\utils\zod_validations\user.zod.ts
FN:25,(anonymous_0)
FN:71,(anonymous_1)
FN:94,(anonymous_2)
FNF:3
FNH:0
FNDA:0,(anonymous_0)
FNDA:0,(anonymous_1)
FNDA:0,(anonymous_2)
DA:1,1
DA:2,1
DA:3,1
DA:10,1
DA:25,0
DA:35,1
DA:44,1
DA:52,1
DA:62,1
DA:71,0
DA:90,1
DA:94,0
DA:103,1
DA:111,1
LF:14
LH:11
BRF:0
BRH:0
end_of_record
TN:
SF:src\utils\zod_validations\vendor.zod.ts
FN:72,(anonymous_0)
FNF:1
FNH:0
FNDA:0,(anonymous_0)
DA:1,0
DA:8,0
DA:36,0
DA:46,0
DA:54,0
DA:64,0
DA:72,0
DA:82,0
LF:8
LH:0
BRF:0
BRH:0
end_of_record
TN:
SF:src\utils\zod_validations\wishlist.zod.ts
FNF:0
FNH:0
DA:1,0
DA:7,0
DA:16,0
DA:24,0
LF:4
LH:0
BRF:0
BRH:0
end_of_record
